14:29:19,351 root INFO *******starting the program*******
14:29:19,351 vmbpyLog INFO Starting vmbpy: 1.0.5 (using VmbC: 1.0.6, VmbImageTransform: 2.1)
14:45:07,790 root INFO *******starting the program*******
14:45:07,790 vmbpyLog INFO Starting vmbpy: 1.0.5 (using VmbC: 1.0.6, VmbImageTransform: 2.1)
14:45:09,131 root INFO command queue pre start  = jmessage
14:45:09,131 root INFO command string = jmessage
14:45:09,131 root INFO process_js_command understood = jmessage
14:45:15,350 root INFO command queue pre start  = 
startcamera
14:45:25,629 root INFO command queue get = 
startsave
14:45:25,629 root INFO command string = startsave
14:45:25,629 root INFO process_js_command understood = startsave
14:45:25,629 root INFO no folder name provided: autogenerated a folder for saving = C:/data/rap/temp4
14:45:25,629 root INFO startsave called, with C:/data/rap/temp4
14:45:31,933 root INFO command queue get = 
stopsave
14:45:31,933 root INFO command string = stopsave
14:45:31,933 root INFO stopsave called
14:45:57,206 root INFO command queue get = 
startsave
14:45:57,206 root INFO command string = startsave
14:45:57,206 root INFO process_js_command understood = startsave
14:45:57,206 root INFO no folder name provided: autogenerated a folder for saving = C:/data/rap/temp5
14:45:57,206 root INFO startsave called, with C:/data/rap/temp5
14:46:02,417 root INFO command queue get = 
stopsave
14:46:02,417 root INFO command string = stopsave
14:46:02,417 root INFO stopsave called
14:46:51,277 root INFO command queue get = 
quit
14:46:51,277 root INFO command string = quit
14:46:51,277 root INFO process_js_command understood = quit
15:02:11,275 root INFO *******starting the program*******
15:02:11,275 vmbpyLog INFO Starting vmbpy: 1.0.5 (using VmbC: 1.0.6, VmbImageTransform: 2.1)
15:02:12,623 root INFO command queue pre start  = jmessage
15:02:12,623 root INFO command string = jmessage
15:02:12,623 root INFO process_js_command understood = jmessage
15:02:20,467 root INFO command queue pre start  = 
startcamera
15:04:11,192 root INFO command queue get = 
quit
15:04:11,192 root INFO command string = quit
15:04:11,192 root INFO process_js_command understood = quit
15:10:39,881 root INFO *******starting the program*******
15:10:39,881 vmbpyLog INFO Starting vmbpy: 1.0.5 (using VmbC: 1.0.6, VmbImageTransform: 2.1)
15:10:41,224 root INFO command queue pre start  = jmessage
15:10:41,224 root INFO command string = jmessage
15:10:41,224 root INFO process_js_command understood = jmessage
15:10:59,969 root INFO command queue pre start  = 
trigger,1
15:10:59,969 root INFO command string = trigger
15:10:59,969 root INFO process_js_command understood = cameratrigger
15:11:12,395 root INFO command queue pre start  = 
startcamera
16:10:58,220 root INFO *******starting the program*******
16:10:58,220 vmbpyLog INFO Starting vmbpy: 1.0.5 (using VmbC: 1.0.6, VmbImageTransform: 2.1)
16:10:59,597 root INFO command queue pre start  = jmessage
16:10:59,597 root INFO command string = jmessage
16:10:59,597 root INFO process_js_command understood = jmessage
16:11:07,21 root INFO command queue pre start  = 
trigger,1
16:11:07,21 root INFO command string = trigger
16:11:07,21 root INFO process_js_command understood = cameratrigger
16:11:11,913 root INFO command queue pre start  = 
startcamera
16:21:16,606 root INFO command queue get = 
trigger,0
16:21:16,606 root INFO command string = trigger
16:21:16,606 root INFO process_js_command understood = cameratrigger
16:22:21,973 root INFO *******starting the program*******
16:22:21,973 vmbpyLog INFO Starting vmbpy: 1.0.5 (using VmbC: 1.0.6, VmbImageTransform: 2.1)
16:22:22,833 vmbpyLog ERROR Accessed Camera 'DEV_1AB22C031649' is already in use. Could not be opened with access mode 'AccessMode.Full'. Valid modes are: (<AccessMode.None_: 0>,)
16:23:35,772 root INFO *******starting the program*******
16:23:35,772 vmbpyLog INFO Starting vmbpy: 1.0.5 (using VmbC: 1.0.6, VmbImageTransform: 2.1)
16:23:36,618 vmbpyLog ERROR Accessed Camera 'DEV_1AB22C031649' is already in use. Could not be opened with access mode 'AccessMode.Full'. Valid modes are: (<AccessMode.None_: 0>,)
16:24:48,400 root INFO *******starting the program*******
16:24:48,400 vmbpyLog INFO Starting vmbpy: 1.0.5 (using VmbC: 1.0.6, VmbImageTransform: 2.1)
16:24:49,763 root INFO command queue pre start  = jmessage
16:24:49,763 root INFO command string = jmessage
16:24:49,763 root INFO process_js_command understood = jmessage
16:24:58,156 root INFO command queue pre start  = 
startcamera
16:28:47,711 root INFO command queue get = 
startsave
16:28:47,711 root INFO command string = startsave
16:28:47,711 root INFO process_js_command understood = startsave
16:28:47,727 root INFO no folder name provided: autogenerated a folder for saving = C:/data/rap/temp7
16:28:47,727 root INFO startsave called, with C:/data/rap/temp7
16:29:02,230 root INFO command queue get = 
stopsave
16:29:02,230 root INFO command string = stopsave
16:29:02,230 root INFO stopsave called
16:33:20,307 root INFO command queue get = 
startsave
16:33:20,307 root INFO command string = startsave
16:33:20,307 root INFO process_js_command understood = startsave
16:33:20,307 root INFO no folder name provided: autogenerated a folder for saving = C:/data/rap/temp8
16:33:20,307 root INFO startsave called, with C:/data/rap/temp8
16:35:29,250 root INFO command queue get = 
startsave
16:35:29,250 root INFO command string = startsave
16:35:29,250 root INFO process_js_command understood = startsave
16:35:29,250 root INFO no folder name provided: autogenerated a folder for saving = C:/data/rap/temp9
16:35:29,250 root INFO startsave called, with C:/data/rap/temp9
16:36:04,885 root INFO command queue get = 
startsave
16:36:04,885 root INFO command string = startsave
16:36:04,885 root INFO process_js_command understood = startsave
16:36:04,885 root INFO no folder name provided: autogenerated a folder for saving = C:/data/rap/temp10
16:36:04,885 root INFO startsave called, with C:/data/rap/temp10
16:46:15,515 vmbpyLog INFO Removed camera "57:C:\Program Files\Allied Vision\Vimba X\cti\VimbaUSBTL.cti21:VimbaUSBInterface_0x016:DEV_1AB22C031649" from active cameras
14:13:55,125 root INFO *******starting the program*******
14:13:55,135 vmbpyLog INFO Starting vmbpy: 1.0.5 (using VmbC: 1.0.6, VmbImageTransform: 2.1)
14:13:56,552 root INFO command queue pre start  = jmessage
14:13:56,552 root INFO command string = jmessage
14:13:56,552 root INFO process_js_command understood = jmessage
14:50:59,542 root INFO *******starting the program*******
14:50:59,542 vmbpyLog INFO Starting vmbpy: 1.0.5 (using VmbC: 1.0.6, VmbImageTransform: 2.1)
14:51:00,951 root INFO command queue pre start  = jmessage
14:51:00,951 root INFO command string = jmessage
14:51:00,951 root INFO process_js_command understood = jmessage
14:52:45,879 root INFO command queue pre start  = 
quit
14:52:45,879 root INFO command string = quit
14:52:45,879 root INFO process_js_command understood = quit
14:59:37,291 root INFO *******starting the program*******
14:59:37,291 vmbpyLog INFO Starting vmbpy: 1.0.5 (using VmbC: 1.0.6, VmbImageTransform: 2.1)
14:59:38,607 root INFO command queue pre start  = jmessage
14:59:38,607 root INFO command string = jmessage
14:59:38,607 root INFO process_js_command understood = jmessage
15:00:25,381 root INFO command queue pre start  = 
setdir,
setdir,"d:/feb20/"
15:00:25,381 root INFO command string = setdir
15:00:36,632 root INFO command queue pre start  = 
startsave
15:00:36,632 root INFO command string = startsave
15:00:36,632 root INFO process_js_command understood = startsave
15:00:36,632 root INFO no folder name provided: autogenerated a folder for saving = C:/data/rap/temp11
15:00:36,632 root INFO startsave called, with C:/data/rap/temp11
15:05:57,11 root INFO command queue pre start  = 
quit
15:05:57,11 root INFO command string = quit
15:05:57,11 root INFO process_js_command understood = quit
15:09:02,576 root INFO *******starting the program*******
15:09:02,576 vmbpyLog INFO Starting vmbpy: 1.0.5 (using VmbC: 1.0.6, VmbImageTransform: 2.1)
15:09:03,439 vmbpyLog ERROR Accessed Camera 'DEV_1AB22C031649' is already in use. Could not be opened with access mode 'AccessMode.Full'. Valid modes are: (<AccessMode.None_: 0>,)
17:42:19,987 root INFO *******starting the program*******
17:42:19,987 vmbpyLog INFO Starting vmbpy: 1.0.5 (using VmbC: 1.0.6, VmbImageTransform: 2.1)
17:42:21,482 root INFO command queue pre start  = jmessage
17:42:21,482 root INFO command string = jmessage
17:42:21,482 root INFO process_js_command understood = jmessage
17:44:10,11 root INFO command queue pre start  = 
startsave
17:44:10,11 root INFO command string = startsave
17:44:10,11 root INFO process_js_command understood = startsave
17:44:10,11 root INFO no folder name provided: autogenerated a folder for saving = D:/data/rap/temp4
17:44:10,11 root INFO startsave called, with D:/data/rap/temp4
17:44:33,666 root INFO command queue pre start  = 
stopsave
17:44:33,666 root INFO command string = stopsave
17:44:33,666 root INFO stopsave called
17:44:43,556 root INFO command queue pre start  = 
startsave
17:44:43,556 root INFO command string = startsave
17:44:43,556 root INFO process_js_command understood = startsave
17:44:43,556 root INFO no folder name provided: autogenerated a folder for saving = D:/data/rap/temp5
17:44:43,556 root INFO startsave called, with D:/data/rap/temp5
17:44:50,861 root INFO command queue pre start  = 
stopsave
17:44:50,861 root INFO command string = stopsave
17:44:50,861 root INFO stopsave called
17:44:56,123 root INFO command queue pre start  = 
startsave
17:44:56,123 root INFO command string = startsave
17:44:56,123 root INFO process_js_command understood = startsave
17:44:56,123 root INFO no folder name provided: autogenerated a folder for saving = D:/data/rap/temp6
17:44:56,123 root INFO startsave called, with D:/data/rap/temp6
17:45:34,296 root INFO command queue pre start  = 
trigger,1
17:45:34,296 root INFO command string = trigger
17:45:34,296 root INFO process_js_command understood = cameratrigger
17:46:00,314 root INFO command queue pre start  = 
stopsave
17:46:00,314 root INFO command string = stopsave
17:46:00,314 root INFO stopsave called
17:46:06,27 root INFO command queue pre start  = 
startsave
17:46:06,27 root INFO command string = startsave
17:46:06,27 root INFO process_js_command understood = startsave
17:46:06,27 root INFO no folder name provided: autogenerated a folder for saving = D:/data/rap/temp7
17:46:06,27 root INFO startsave called, with D:/data/rap/temp7
17:46:43,335 root INFO command queue pre start  = 
stopsave
17:46:43,335 root INFO command string = stopsave
17:46:43,335 root INFO stopsave called
17:51:20,20 root INFO command queue pre start  = 
startcamera
17:51:33,594 root INFO command queue get = 
startsave
17:51:33,594 root INFO command string = startsave
17:51:33,594 root INFO process_js_command understood = startsave
17:51:33,594 root INFO no folder name provided: autogenerated a folder for saving = D:/data/rap/temp8
17:51:33,594 root INFO startsave called, with D:/data/rap/temp8
17:51:40,464 root INFO command queue get = 
stopsave
17:51:40,464 root INFO command string = stopsave
17:51:40,464 root INFO stopsave called
17:53:45,728 root INFO command queue get = 
startsave
17:53:45,728 root INFO command string = startsave
17:53:45,728 root INFO process_js_command understood = startsave
17:53:45,728 root INFO no folder name provided: autogenerated a folder for saving = D:/data/rap/temp9
17:53:45,728 root INFO startsave called, with D:/data/rap/temp9
17:54:00,243 root INFO command queue get = 
stopsave
17:54:00,243 root INFO command string = stopsave
17:54:00,243 root INFO stopsave called
17:55:30,818 root INFO command queue get = 
startsave
17:55:30,818 root INFO command string = startsave
17:55:30,818 root INFO process_js_command understood = startsave
17:55:30,818 root INFO no folder name provided: autogenerated a folder for saving = D:/data/rap/temp10
17:55:30,818 root INFO startsave called, with D:/data/rap/temp10
17:56:14,399 root INFO command queue get = 
stopsave
17:56:14,399 root INFO command string = stopsave
17:56:14,399 root INFO stopsave called
17:57:34,162 root INFO command queue get = 
startsave
17:57:34,162 root INFO command string = startsave
17:57:34,162 root INFO process_js_command understood = startsave
17:57:34,178 root INFO no folder name provided: autogenerated a folder for saving = D:/data/rap/temp11
17:57:34,178 root INFO startsave called, with D:/data/rap/temp11
17:58:05,909 root INFO command queue get = 
stopsave
17:58:05,909 root INFO command string = stopsave
17:58:05,909 root INFO stopsave called
17:58:15,195 root INFO command queue get = 
stopcamera
17:58:15,195 root INFO command string = stopcamera
17:58:35,739 root INFO command queue get = 
startsave
17:58:35,739 root INFO command string = startsave
17:58:35,739 root INFO process_js_command understood = startsave
17:58:35,739 root INFO no folder name provided: autogenerated a folder for saving = D:/data/rap/temp12
17:58:35,739 root INFO startsave called, with D:/data/rap/temp12
17:59:59,527 root INFO command queue get = 
stopsave
17:59:59,527 root INFO command string = stopsave
17:59:59,527 root INFO stopsave called
18:02:02,88 root INFO command queue get = 
startsave
18:02:02,88 root INFO command string = startsave
18:02:02,88 root INFO process_js_command understood = startsave
18:02:02,104 root INFO no folder name provided: autogenerated a folder for saving = D:/data/rap/temp13
18:02:02,104 root INFO startsave called, with D:/data/rap/temp13
18:04:09,850 root INFO command queue get = 
stopsave
18:04:09,850 root INFO command string = stopsave
18:04:09,850 root INFO stopsave called
18:04:36,823 root INFO command queue get = 
startsave
18:04:36,823 root INFO command string = startsave
18:04:36,823 root INFO process_js_command understood = startsave
18:04:36,823 root INFO no folder name provided: autogenerated a folder for saving = D:/data/rap/temp14
18:04:36,823 root INFO startsave called, with D:/data/rap/temp14
18:05:31,502 root INFO command queue get = 
stopsave
18:05:31,502 root INFO command string = stopsave
18:05:31,502 root INFO stopsave called
18:07:09,971 root INFO command queue get = 
startsave
18:07:09,971 root INFO command string = startsave
18:07:09,971 root INFO process_js_command understood = startsave
18:07:09,971 root INFO no folder name provided: autogenerated a folder for saving = D:/data/rap/temp15
18:07:09,971 root INFO startsave called, with D:/data/rap/temp15
18:07:44,409 root INFO command queue get = 
stopsave
18:07:44,409 root INFO command string = stopsave
18:07:44,409 root INFO stopsave called
18:20:55,446 root INFO command queue get = 
quit
18:20:55,446 root INFO command string = quit
18:20:55,446 root INFO process_js_command understood = quit
12:23:10,502 root INFO *******starting the program*******
12:23:10,502 vmbpyLog INFO Starting vmbpy: 1.0.5 (using VmbC: 1.0.6, VmbImageTransform: 2.1)
12:23:11,844 root INFO command queue pre start  = jmessage
12:23:11,844 root INFO command string = jmessage
12:23:11,844 root INFO process_js_command understood = jmessage
12:23:15,32 root INFO command queue pre start  = 
startcamera
12:25:37,333 root INFO command queue get = 
startsave
12:25:37,333 root INFO command string = startsave
12:25:37,333 root INFO process_js_command understood = startsave
12:30:24,278 root INFO *******starting the program*******
12:30:24,279 vmbpyLog INFO Starting vmbpy: 1.0.5 (using VmbC: 1.0.6, VmbImageTransform: 2.1)
12:30:25,579 root INFO command queue pre start  = jmessage
12:30:25,579 root INFO command string = jmessage
12:30:25,579 root INFO process_js_command understood = jmessage
12:30:27,731 root INFO command queue pre start  = 
startcamera
12:30:40,749 root INFO command queue get = 
startsave
12:30:40,750 root INFO command string = startsave
12:30:40,750 root INFO process_js_command understood = startsave
12:30:40,751 root INFO no folder name provided: autogenerated a folder for saving = D:/data/rap/temp16
12:30:40,751 root INFO startsave called, with D:/data/rap/temp16
12:31:15,264 root INFO command queue get = 
stopsave
12:31:15,265 root INFO command string = stopsave
12:31:15,265 root INFO stopsave called
12:32:45,32 root INFO command queue get = 
startsave
12:32:45,32 root INFO command string = startsave
12:32:45,32 root INFO process_js_command understood = startsave
12:32:45,33 root INFO no folder name provided: autogenerated a folder for saving = D:/data/rap/temp17
12:32:45,33 root INFO startsave called, with D:/data/rap/temp17
12:33:20,859 root INFO command queue get = 
stopsave
12:33:20,859 root INFO command string = stopsave
12:33:20,859 root INFO stopsave called
12:34:00,203 root INFO command queue get = 
quit
12:34:00,203 root INFO command string = quit
12:34:00,203 root INFO process_js_command understood = quit
12:36:28,869 root INFO *******starting the program*******
12:36:28,870 vmbpyLog INFO Starting vmbpy: 1.0.5 (using VmbC: 1.0.6, VmbImageTransform: 2.1)
12:36:30,158 root INFO command queue pre start  = jmessage
12:36:30,158 root INFO command string = jmessage
12:36:30,158 root INFO process_js_command understood = jmessage
12:36:34,164 root INFO command queue pre start  = 
startcamera
12:36:44,465 root INFO command queue get = 
startsave
12:36:44,465 root INFO command string = startsave
12:36:44,465 root INFO process_js_command understood = startsave
12:36:44,467 root INFO no folder name provided: autogenerated a folder for saving = D:/data/rap/temp18
12:36:44,467 root INFO startsave called, with D:/data/rap/temp18
12:38:08,516 root INFO command queue get = 
stopsave
12:38:08,517 root INFO command string = stopsave
12:38:08,517 root INFO stopsave called
12:38:33,181 root INFO command queue get = 
quit
12:38:33,181 root INFO command string = quit
12:38:33,181 root INFO process_js_command understood = quit
12:45:17,80 root INFO *******starting the program*******
12:45:17,82 vmbpyLog INFO Starting vmbpy: 1.0.5 (using VmbC: 1.0.6, VmbImageTransform: 2.1)
12:45:17,935 vmbpyLog ERROR Accessed Camera 'DEV_1AB22C031649' is already in use. Could not be opened with access mode 'AccessMode.Full'. Valid modes are: (<AccessMode.None_: 0>,)
12:46:14,717 root INFO *******starting the program*******
12:46:14,719 vmbpyLog INFO Starting vmbpy: 1.0.5 (using VmbC: 1.0.6, VmbImageTransform: 2.1)
12:46:16,46 root INFO command queue pre start  = jmessage
12:46:16,46 root INFO command string = jmessage
12:46:16,46 root INFO process_js_command understood = jmessage
12:46:21,700 root INFO command queue pre start  = 
startcamera
12:46:32,749 root INFO command queue get = 
trigger,1
12:46:32,749 root INFO command string = trigger
12:46:32,749 root INFO process_js_command understood = cameratrigger
12:51:39,437 vmbpyLog INFO Removed camera "57:C:\Program Files\Allied Vision\Vimba X\cti\VimbaUSBTL.cti21:VimbaUSBInterface_0x016:DEV_1AB22C031649" from active cameras
14:36:12,934 vmbpyLog INFO Added camera "57:C:\Program Files\Allied Vision\Vimba X\cti\VimbaUSBTL.cti21:VimbaUSBInterface_0x016:DEV_1AB22C031649" to active cameras
14:46:31,367 root INFO *******starting the program*******
14:46:31,367 vmbpyLog INFO Starting vmbpy: 1.0.5 (using VmbC: 1.0.6, VmbImageTransform: 2.1)
14:46:32,750 root INFO command queue pre start  = jmessage
14:46:32,750 root INFO command string = jmessage
14:46:32,750 root INFO process_js_command understood = jmessage
14:46:48,279 root INFO command queue pre start  = 
trigger,1
14:46:48,279 root INFO command string = trigger
14:46:48,279 root INFO process_js_command understood = cameratrigger
14:46:56,243 root INFO command queue pre start  = 
startcamera
14:49:22,521 root INFO command queue get = 
startsave
14:49:22,521 root INFO command string = startsave
14:49:22,521 root INFO process_js_command understood = startsave
14:49:22,843 root INFO no folder name provided: autogenerated a folder for saving = D:/data/rap/temp19
14:49:22,843 root INFO startsave called, with D:/data/rap/temp19
14:49:34,704 root INFO command queue get = 
stopsave
14:49:34,704 root INFO command string = stopsave
14:49:34,704 root INFO stopsave called
14:50:52,554 root INFO command queue get = 
startsave
14:50:52,554 root INFO command string = startsave
14:50:52,554 root INFO process_js_command understood = startsave
14:50:52,554 root INFO no folder name provided: autogenerated a folder for saving = D:/data/rap/temp20
14:50:52,554 root INFO startsave called, with D:/data/rap/temp20
14:51:10,136 root INFO command queue get = 
stopsave
14:51:10,136 root INFO command string = stopsave
14:51:10,136 root INFO stopsave called
14:52:40,114 root INFO command queue get = 
startsave
14:52:40,114 root INFO command string = startsave
14:52:40,114 root INFO process_js_command understood = startsave
14:52:40,114 root INFO no folder name provided: autogenerated a folder for saving = D:/data/rap/temp21
14:52:40,114 root INFO startsave called, with D:/data/rap/temp21
14:52:55,862 root INFO command queue get = 
stopsave
14:52:55,862 root INFO command string = stopsave
14:52:55,862 root INFO stopsave called
14:54:14,135 root INFO command queue get = 
startsave
14:54:14,135 root INFO command string = startsave
14:54:14,135 root INFO process_js_command understood = startsave
14:54:14,135 root INFO no folder name provided: autogenerated a folder for saving = D:/data/rap/temp22
14:54:14,135 root INFO startsave called, with D:/data/rap/temp22
14:54:27,636 root INFO command queue get = 
stopsave
14:54:27,636 root INFO command string = stopsave
14:54:27,636 root INFO stopsave called
15:04:52,885 root INFO command queue get = 
quit
15:04:52,885 root INFO command string = quit
15:04:52,885 root INFO process_js_command understood = quit
15:30:55,267 root INFO *******starting the program*******
15:30:55,267 vmbpyLog INFO Starting vmbpy: 1.0.5 (using VmbC: 1.0.6, VmbImageTransform: 2.1)
15:30:56,581 root INFO command queue pre start  = jmessage
15:30:56,581 root INFO command string = jmessage
15:30:56,581 root INFO process_js_command understood = jmessage
15:31:00,106 root INFO command queue pre start  = 
trigger,1
15:31:00,106 root INFO command string = trigger
15:31:00,106 root INFO process_js_command understood = cameratrigger
15:31:05,855 root INFO command queue pre start  = 
startcamera
15:31:17,354 root INFO command queue get = 
gain,20
15:31:17,354 root INFO command string = gain
15:31:30,968 root INFO command queue get = 
gain,30
15:31:30,968 root INFO command string = gain
16:07:24,189 root INFO command queue get = 
quit
16:07:24,189 root INFO command string = quit
16:07:24,189 root INFO process_js_command understood = quit
16:09:36,85 root INFO *******starting the program*******
16:09:36,85 vmbpyLog INFO Starting vmbpy: 1.0.5 (using VmbC: 1.0.6, VmbImageTransform: 2.1)
16:09:37,392 root INFO command queue pre start  = jmessage
16:09:37,392 root INFO command string = jmessage
16:09:37,392 root INFO process_js_command understood = jmessage
16:09:44,865 root INFO command queue pre start  = 
trigger,1
16:09:44,865 root INFO command string = trigger
16:09:44,865 root INFO process_js_command understood = cameratrigger
16:09:52,319 root INFO command queue pre start  = 
startcamera
16:09:57,626 root INFO command queue get = 
gain,20
16:09:57,626 root INFO command string = gain
16:10:04,841 root INFO command queue get = 
wells,2
16:10:04,841 root INFO command string = wells
16:13:01,984 root INFO command queue get = 
quit
16:13:01,984 root INFO command string = quit
16:13:01,984 root INFO process_js_command understood = quit
16:13:53,296 root INFO *******starting the program*******
16:13:53,296 vmbpyLog INFO Starting vmbpy: 1.0.5 (using VmbC: 1.0.6, VmbImageTransform: 2.1)
16:13:54,597 root INFO command queue pre start  = jmessage
16:13:54,597 root INFO command string = jmessage
16:13:54,597 root INFO process_js_command understood = jmessage
16:13:57,502 root INFO command queue pre start  = 
trigger,1
16:13:57,502 root INFO command string = trigger
16:13:57,502 root INFO process_js_command understood = cameratrigger
16:14:05,566 root INFO command queue pre start  = 
startcamera
16:14:10,955 root INFO command queue get = 
gain,20
16:14:10,955 root INFO command string = gain
16:14:18,567 root INFO command queue get = 
wells,2
16:14:18,567 root INFO command string = wells
16:14:55,444 root INFO command queue get = 
gain,30
16:14:55,444 root INFO command string = gain
16:20:11,720 root INFO command queue get = 
quit
16:20:11,720 root INFO command string = quit
16:20:11,720 root INFO process_js_command understood = quit
16:23:35,600 root INFO *******starting the program*******
16:23:35,602 vmbpyLog INFO Starting vmbpy: 1.0.5 (using VmbC: 1.0.6, VmbImageTransform: 2.1)
16:23:36,898 root INFO command queue pre start  = jmessage
16:23:36,898 root INFO command string = jmessage
16:23:36,898 root INFO process_js_command understood = jmessage
16:23:45,227 root INFO command queue pre start  = 
trigger,1
16:23:45,227 root INFO command string = trigger
16:23:45,227 root INFO process_js_command understood = cameratrigger
16:23:51,539 root INFO command queue pre start  = 
startcamera
16:26:45,856 root INFO command queue get = 
wells,2
16:26:45,856 root INFO command string = wells
16:27:11,146 root INFO command queue get = 
gain,30
16:27:11,146 root INFO command string = gain
16:28:55,662 root INFO command queue get = 
startsave
16:28:55,662 root INFO command string = startsave
16:28:55,662 root INFO process_js_command understood = startsave
16:28:55,678 root INFO no folder name provided: autogenerated a folder for saving = D:/data/rap/temp23
16:28:55,678 root INFO startsave called, with D:/data/rap/temp23
16:29:20,968 root INFO command queue get = 
stopsave
16:29:20,968 root INFO command string = stopsave
16:29:20,968 root INFO stopsave called
16:30:08,521 root INFO command queue get = 
startsave
16:30:08,521 root INFO command string = startsave
16:30:08,521 root INFO process_js_command understood = startsave
16:30:08,521 root INFO no folder name provided: autogenerated a folder for saving = D:/data/rap/temp24
16:30:08,521 root INFO startsave called, with D:/data/rap/temp24
16:30:47,214 root INFO command queue get = 
stopsave
16:30:47,214 root INFO command string = stopsave
16:30:47,214 root INFO stopsave called
16:34:30,854 root INFO command queue get = 
gain,10
16:34:30,854 root INFO command string = gain
16:34:53,157 root INFO command queue get = 
startsave
16:34:53,157 root INFO command string = startsave
16:34:53,157 root INFO process_js_command understood = startsave
16:34:53,173 root INFO no folder name provided: autogenerated a folder for saving = D:/data/rap/temp25
16:34:53,173 root INFO startsave called, with D:/data/rap/temp25
16:35:22,921 root INFO command queue get = 
stopsave
16:35:22,921 root INFO command string = stopsave
16:35:22,921 root INFO stopsave called
16:54:25,989 root INFO *******starting the program*******
16:54:25,989 vmbpyLog INFO Starting vmbpy: 1.0.5 (using VmbC: 1.0.6, VmbImageTransform: 2.1)
16:54:27,389 root INFO command queue pre start  = jmessage
16:54:27,389 root INFO command string = jmessage
16:54:27,389 root INFO process_js_command understood = jmessage
16:54:44,806 root INFO command queue pre start  = 
trigger,1
16:54:44,806 root INFO command string = trigger
16:54:44,806 root INFO process_js_command understood = cameratrigger
16:54:57,503 root INFO command queue pre start  = 
start camera
16:54:57,503 root INFO command string = start camera
17:09:29,970 root INFO *******starting the program*******
17:09:29,970 vmbpyLog INFO Starting vmbpy: 1.0.5 (using VmbC: 1.0.6, VmbImageTransform: 2.1)
17:09:30,846 vmbpyLog ERROR Accessed Camera 'DEV_1AB22C031649' is already in use. Could not be opened with access mode 'AccessMode.Full'. Valid modes are: (<AccessMode.None_: 0>,)
17:22:04,115 root INFO *******starting the program*******
17:22:04,117 vmbpyLog INFO Starting vmbpy: 1.0.5 (using VmbC: 1.0.6, VmbImageTransform: 2.1)
17:22:04,979 vmbpyLog ERROR Accessed Camera 'DEV_1AB22C031649' is already in use. Could not be opened with access mode 'AccessMode.Full'. Valid modes are: (<AccessMode.None_: 0>,)
17:23:00,9 root INFO *******starting the program*******
17:23:00,25 vmbpyLog INFO Starting vmbpy: 1.0.5 (using VmbC: 1.0.6, VmbImageTransform: 2.1)
17:23:01,329 root INFO command queue pre start  = jmessage
17:23:01,329 root INFO command string = jmessage
17:23:01,329 root INFO process_js_command understood = jmessage
17:23:04,865 root INFO command queue pre start  = 
trigger,1
17:23:04,865 root INFO command string = trigger
17:23:04,865 root INFO process_js_command understood = cameratrigger
17:23:10,586 root INFO command queue pre start  = 
startcamera
17:24:34,418 root INFO command queue get = 
gain,30
17:24:34,418 root INFO command string = gain
17:24:37,938 root INFO command queue get = 
gain,20
17:24:37,938 root INFO command string = gain
17:34:53,202 root INFO *******starting the program*******
17:34:53,202 vmbpyLog INFO Starting vmbpy: 1.0.5 (using VmbC: 1.0.6, VmbImageTransform: 2.1)
17:34:54,583 root INFO command queue pre start  = jmessage
17:34:54,583 root INFO command string = jmessage
17:34:54,583 root INFO process_js_command understood = jmessage
17:34:59,76 root INFO command queue pre start  = 
trigger,1
17:34:59,76 root INFO command string = trigger
17:34:59,76 root INFO process_js_command understood = cameratrigger
17:35:14,894 root INFO command queue pre start  = 
startcamera
17:38:55,773 root INFO command queue get = 
startsave
17:38:55,773 root INFO command string = startsave
17:38:55,773 root INFO process_js_command understood = startsave
17:38:55,773 root INFO no folder name provided: autogenerated a folder for saving = D:/data/rap/temp21
17:38:55,773 root INFO startsave called, with D:/data/rap/temp21
17:38:55,813 root INFO command queue get = 
stopsave
17:38:55,813 root INFO command string = stopsave
17:38:55,813 root INFO stopsave called
17:40:39,823 root INFO command queue get = 
startsave
17:40:39,823 root INFO command string = startsave
17:40:39,823 root INFO process_js_command understood = startsave
17:40:39,823 root INFO no folder name provided: autogenerated a folder for saving = D:/data/rap/temp22
17:40:39,823 root INFO startsave called, with D:/data/rap/temp22
17:40:53,679 root INFO command queue get = 
stopsave
17:40:53,679 root INFO command string = stopsave
17:40:53,679 root INFO stopsave called
17:44:49,726 root INFO *******starting the program*******
17:44:49,728 vmbpyLog INFO Starting vmbpy: 1.0.5 (using VmbC: 1.0.6, VmbImageTransform: 2.1)
17:44:51,47 root INFO command queue pre start  = jmessage
17:44:51,47 root INFO command string = jmessage
17:44:51,47 root INFO process_js_command understood = jmessage
17:44:52,379 root INFO command queue pre start  = 
trigger,1
17:44:52,379 root INFO command string = trigger
17:44:52,379 root INFO process_js_command understood = cameratrigger
17:45:06,239 root INFO command queue pre start  = 
startcamera
17:46:06,933 root INFO command queue get = 
gain,30
17:46:06,933 root INFO command string = gain
17:46:10,45 root INFO command queue get = 
gain,30
17:46:10,45 root INFO command string = gain
17:54:18,897 root INFO command queue get = 
startsave
17:54:18,897 root INFO command string = startsave
17:54:18,897 root INFO process_js_command understood = startsave
17:54:18,897 root INFO no folder name provided: autogenerated a folder for saving = D:/data/rap/temp23
17:54:18,897 root INFO startsave called, with D:/data/rap/temp23
17:54:43,386 root INFO command queue get = 
stopsave
17:54:43,386 root INFO command string = stopsave
17:54:43,386 root INFO stopsave called
17:59:05,370 root INFO *******starting the program*******
17:59:05,370 vmbpyLog INFO Starting vmbpy: 1.0.5 (using VmbC: 1.0.6, VmbImageTransform: 2.1)
17:59:06,742 root INFO command queue pre start  = jmessage
17:59:06,742 root INFO command string = jmessage
17:59:06,742 root INFO process_js_command understood = jmessage
17:59:07,742 root INFO command queue pre start  = 
trigger,1
17:59:07,742 root INFO command string = trigger
17:59:07,742 root INFO process_js_command understood = cameratrigger
17:59:14,221 root INFO command queue pre start  = 
startcamera
18:00:24,477 root INFO command queue get = 
gain,30
18:00:24,477 root INFO command string = gain
18:01:41,487 root INFO command queue get = 
startsave
18:01:41,487 root INFO command string = startsave
18:01:41,487 root INFO process_js_command understood = startsave
18:01:41,487 root INFO no folder name provided: autogenerated a folder for saving = D:/data/rap/temp24
18:01:41,487 root INFO startsave called, with D:/data/rap/temp24
18:01:52,887 root INFO command queue get = 
stopsave
18:01:52,887 root INFO command string = stopsave
18:01:52,887 root INFO stopsave called
18:31:23,86 root INFO *******starting the program*******
18:31:23,88 vmbpyLog INFO Starting vmbpy: 1.0.5 (using VmbC: 1.0.6, VmbImageTransform: 2.1)
18:31:24,751 root INFO command queue pre start  = jmessage
18:31:24,751 root INFO command string = jmessage
18:31:24,751 root INFO process_js_command understood = jmessage
18:31:25,408 root INFO command queue pre start  = 
trigger,1
18:31:25,408 root INFO command string = trigger
18:31:25,408 root INFO process_js_command understood = cameratrigger
18:31:34,922 root INFO command queue pre start  = 
startcamera
18:33:16,557 root INFO command queue get = 
startcamera
18:33:16,557 root INFO command string = startcamera
18:33:43,146 root INFO command queue get = 
stopcamera
18:33:43,146 root INFO command string = stopcamera
18:34:46,699 root INFO command queue get = 
startsave
18:34:46,699 root INFO command string = startsave
18:34:46,699 root INFO process_js_command understood = startsave
18:34:46,699 root INFO no folder name provided: autogenerated a folder for saving = D:/data/rap/temp25
18:34:46,699 root INFO startsave called, with D:/data/rap/temp25
18:35:21,531 root INFO command queue get = 
stopsave
18:35:21,531 root INFO command string = stopsave
18:35:21,531 root INFO stopsave called
18:36:23,885 root INFO command queue get = 
gain,30
18:36:23,885 root INFO command string = gain
18:44:24,357 root INFO *******starting the program*******
18:44:24,718 vmbpyLog INFO Starting vmbpy: 1.0.5 (using VmbC: 1.0.6, VmbImageTransform: 2.1)
18:44:26,374 root INFO command queue pre start  = jmessage
18:44:26,374 root INFO command string = jmessage
18:44:26,374 root INFO process_js_command understood = jmessage
18:44:31,226 root INFO command queue pre start  = 
trigger,1
18:44:31,226 root INFO command string = trigger
18:44:31,226 root INFO process_js_command understood = cameratrigger
18:44:40,381 root INFO command queue pre start  = 
startcamera
18:46:04,641 root INFO command queue get = 
gain,15
18:46:04,641 root INFO command string = gain
18:46:37,191 root INFO command queue get = 
startsave
18:46:37,191 root INFO command string = startsave
18:46:37,191 root INFO process_js_command understood = startsave
18:46:37,432 root INFO no folder name provided: autogenerated a folder for saving = D:/data/rap/temp26
18:46:37,432 root INFO startsave called, with D:/data/rap/temp26
18:47:00,49 root INFO command queue get = 
stopsave
18:47:00,49 root INFO command string = stopsave
18:47:00,49 root INFO stopsave called
18:47:18,733 root INFO command queue get = 
startsave
18:47:18,733 root INFO command string = startsave
18:47:18,733 root INFO process_js_command understood = startsave
18:47:18,733 root INFO no folder name provided: autogenerated a folder for saving = D:/data/rap/temp27
18:47:18,733 root INFO startsave called, with D:/data/rap/temp27
18:47:41,498 root INFO command queue get = 
stopsave
18:47:41,498 root INFO command string = stopsave
18:47:41,498 root INFO stopsave called
18:53:00,155 root INFO command queue get = 
quit
18:53:00,155 root INFO command string = quit
18:53:00,155 root INFO process_js_command understood = quit
18:53:31,854 root INFO *******starting the program*******
18:53:31,854 vmbpyLog INFO Starting vmbpy: 1.0.5 (using VmbC: 1.0.6, VmbImageTransform: 2.1)
18:53:33,164 root INFO command queue pre start  = jmessage
18:53:33,164 root INFO command string = jmessage
18:53:33,164 root INFO process_js_command understood = jmessage
18:53:35,83 root INFO command queue pre start  = 
trigger,1
18:53:35,83 root INFO command string = trigger
18:53:35,83 root INFO process_js_command understood = cameratrigger
18:53:40,703 root INFO command queue pre start  = 
startcamera
18:54:15,157 root INFO command queue get = 
gain,15
18:54:15,157 root INFO command string = gain
18:54:26,940 root INFO command queue get = 
gain,30
18:54:26,940 root INFO command string = gain
19:06:54,366 root INFO *******starting the program*******
19:06:54,382 vmbpyLog INFO Starting vmbpy: 1.0.5 (using VmbC: 1.0.6, VmbImageTransform: 2.1)
19:06:55,799 root INFO command queue pre start  = jmessage
19:06:55,799 root INFO command string = jmessage
19:06:55,799 root INFO process_js_command understood = jmessage
19:07:00,2 root INFO command queue pre start  = 
trigger,1
19:07:00,2 root INFO command string = trigger
19:07:00,2 root INFO process_js_command understood = cameratrigger
19:07:15,338 root INFO command queue pre start  = 
startcamera
10:55:41,169 root INFO *******starting the program*******
10:55:41,259 vmbpyLog INFO Starting vmbpy: 1.0.5 (using VmbC: 1.0.6, VmbImageTransform: 2.1)
10:55:42,842 root INFO command queue pre start  = jmessage
10:55:42,842 root INFO command string = jmessage
10:55:42,842 root INFO process_js_command understood = jmessage
10:55:42,987 root INFO command queue pre start  = 
trigger,1
10:55:42,987 root INFO command string = trigger
10:55:42,987 root INFO process_js_command understood = cameratrigger
10:55:50,230 root INFO command queue pre start  = 
startcamera
10:57:44,901 root INFO command queue get = 
gain,20
10:57:44,901 root INFO command string = gain
10:57:52,318 root INFO command queue get = 
gain,30
10:57:52,318 root INFO command string = gain
11:05:10,815 root INFO command queue get = 
startsave
11:05:10,831 root INFO command string = startsave
11:05:10,831 root INFO process_js_command understood = startsave
11:05:13,74 root INFO no folder name provided: autogenerated a folder for saving = D:/data/rap/temp28
11:05:13,74 root INFO startsave called, with D:/data/rap/temp28
11:05:25,467 root INFO command queue get = 
stopsave
11:05:25,467 root INFO command string = stopsave
11:05:25,467 root INFO stopsave called
11:06:40,197 root INFO command queue get = 
startsave
11:06:40,197 root INFO command string = startsave
11:06:40,197 root INFO process_js_command understood = startsave
11:06:40,197 root INFO no folder name provided: autogenerated a folder for saving = D:/data/rap/temp29
11:06:40,197 root INFO startsave called, with D:/data/rap/temp29
11:06:52,299 root INFO command queue get = 
stopsave
11:06:52,299 root INFO command string = stopsave
11:06:52,299 root INFO stopsave called
11:08:14,325 root INFO command queue get = 
startsave
11:08:14,325 root INFO command string = startsave
11:08:14,325 root INFO process_js_command understood = startsave
11:08:14,325 root INFO no folder name provided: autogenerated a folder for saving = D:/data/rap/temp30
11:08:14,325 root INFO startsave called, with D:/data/rap/temp30
11:08:37,520 root INFO command queue get = 
stopsave
11:08:37,520 root INFO command string = stopsave
11:08:37,520 root INFO stopsave called
11:10:04,370 root INFO command queue get = 
startsave
11:10:04,370 root INFO command string = startsave
11:10:04,370 root INFO process_js_command understood = startsave
11:10:04,370 root INFO no folder name provided: autogenerated a folder for saving = D:/data/rap/temp31
11:10:04,370 root INFO startsave called, with D:/data/rap/temp31
11:10:17,473 root INFO command queue get = 
stopsave
11:10:17,473 root INFO command string = stopsave
11:10:17,473 root INFO stopsave called
11:31:17,761 root INFO command queue get = 
gain,30
11:31:17,761 root INFO command string = gain
11:39:00,747 root INFO command queue get = 
startsave
11:39:00,763 root INFO command string = startsave
11:39:00,763 root INFO process_js_command understood = startsave
11:39:00,763 root INFO no folder name provided: autogenerated a folder for saving = D:/data/rap/temp32
11:39:00,763 root INFO startsave called, with D:/data/rap/temp32
11:39:19,659 root INFO command queue get = 
stopsave
11:39:19,659 root INFO command string = stopsave
11:39:19,659 root INFO stopsave called
11:40:20,157 root INFO command queue get = 
gain,20
11:40:20,157 root INFO command string = gain
11:40:45,421 root INFO command queue get = 
startsave
11:40:45,421 root INFO command string = startsave
11:40:45,421 root INFO process_js_command understood = startsave
11:40:45,421 root INFO no folder name provided: autogenerated a folder for saving = D:/data/rap/temp33
11:40:45,421 root INFO startsave called, with D:/data/rap/temp33
11:41:05,801 root INFO command queue get = 
stopsave
11:41:05,801 root INFO command string = stopsave
11:41:05,801 root INFO stopsave called
11:48:32,737 root INFO command queue get = 
startsave
11:48:32,752 root INFO command string = startsave
11:48:32,752 root INFO process_js_command understood = startsave
11:48:32,752 root INFO no folder name provided: autogenerated a folder for saving = D:/data/rap/temp34
11:48:32,752 root INFO startsave called, with D:/data/rap/temp34
11:48:43,150 root INFO command queue get = 
stopsave
11:48:43,150 root INFO command string = stopsave
11:48:43,150 root INFO stopsave called
12:48:01,376 root INFO command queue get = 
startsave
12:48:01,376 root INFO command string = startsave
12:48:01,376 root INFO process_js_command understood = startsave
12:48:01,376 root INFO no folder name provided: autogenerated a folder for saving = D:/data/rap/temp35
12:48:01,376 root INFO startsave called, with D:/data/rap/temp35
12:48:32,47 root INFO command queue get = 
stopsave
12:48:32,47 root INFO command string = stopsave
12:48:32,47 root INFO stopsave called
13:48:02,860 root INFO command queue get = 
startsave
13:48:02,860 root INFO command string = startsave
13:48:02,860 root INFO process_js_command understood = startsave
13:48:02,860 root INFO no folder name provided: autogenerated a folder for saving = D:/data/rap/temp36
13:48:02,860 root INFO startsave called, with D:/data/rap/temp36
13:48:33,850 root INFO command queue get = 
stopsave
13:48:33,850 root INFO command string = stopsave
13:48:33,850 root INFO stopsave called
14:48:01,835 root INFO command queue get = 
startsave
14:48:01,835 root INFO command string = startsave
14:48:01,835 root INFO process_js_command understood = startsave
14:48:01,835 root INFO no folder name provided: autogenerated a folder for saving = D:/data/rap/temp37
14:48:01,835 root INFO startsave called, with D:/data/rap/temp37
14:48:31,880 root INFO command queue get = 
stopsave
14:48:31,880 root INFO command string = stopsave
14:48:31,880 root INFO stopsave called
15:48:00,574 root INFO command queue get = 
startsave
15:48:00,574 root INFO command string = startsave
15:48:00,574 root INFO process_js_command understood = startsave
15:48:00,574 root INFO no folder name provided: autogenerated a folder for saving = D:/data/rap/temp38
15:48:00,574 root INFO startsave called, with D:/data/rap/temp38
15:48:31,719 root INFO command queue get = 
stopsave
15:48:31,719 root INFO command string = stopsave
15:48:31,719 root INFO stopsave called
15:49:50,764 root INFO command queue get = 
-Q
gain,20
15:49:50,764 root INFO command string = -Q
gain
15:50:56,9 root INFO command queue get = 
gain,30
15:50:56,9 root INFO command string = gain
15:51:20,443 root INFO command queue get = 
startsave
15:51:20,443 root INFO command string = startsave
15:51:20,443 root INFO process_js_command understood = startsave
15:51:20,443 root INFO no folder name provided: autogenerated a folder for saving = D:/data/rap/temp39
15:51:20,443 root INFO startsave called, with D:/data/rap/temp39
15:51:37,791 root INFO command queue get = 
stopsave
15:51:37,791 root INFO command string = stopsave
15:51:37,791 root INFO stopsave called
15:52:49,426 root INFO command queue get = 
startsave
15:52:49,442 root INFO command string = startsave
15:52:49,442 root INFO process_js_command understood = startsave
15:52:49,442 root INFO no folder name provided: autogenerated a folder for saving = D:/data/rap/temp40
15:52:49,442 root INFO startsave called, with D:/data/rap/temp40
15:53:08,204 root INFO command queue get = 
stopsave
15:53:08,204 root INFO command string = stopsave
15:53:08,204 root INFO stopsave called
15:54:02,824 root INFO command queue get = 
startsave
15:54:02,834 root INFO command string = startsave
15:54:02,834 root INFO process_js_command understood = startsave
15:54:02,834 root INFO no folder name provided: autogenerated a folder for saving = D:/data/rap/temp41
15:54:02,834 root INFO startsave called, with D:/data/rap/temp41
15:54:18,41 root INFO command queue get = 
stopsave
15:54:18,41 root INFO command string = stopsave
15:54:18,41 root INFO stopsave called
15:55:24,890 root INFO command queue get = 
gain,25
15:55:24,890 root INFO command string = gain
15:55:30,523 root INFO command queue get = 
gain,35
15:55:30,523 root INFO command string = gain
15:55:43,722 root INFO command queue get = 
gain,40
15:55:43,722 root INFO command string = gain
15:55:59,14 root INFO command queue get = 
startsave
15:55:59,14 root INFO command string = startsave
15:55:59,14 root INFO process_js_command understood = startsave
15:55:59,14 root INFO no folder name provided: autogenerated a folder for saving = D:/data/rap/temp42
15:55:59,14 root INFO startsave called, with D:/data/rap/temp42
15:56:14,583 root INFO command queue get = 
stopsave
15:56:14,583 root INFO command string = stopsave
15:56:14,583 root INFO stopsave called
15:57:34,106 root INFO command queue get = 
gain,25
15:57:34,106 root INFO command string = gain
15:57:43,337 root INFO command queue get = 
gain,20
15:57:43,337 root INFO command string = gain
15:57:54,798 root INFO command queue get = 
gain,25
15:57:54,798 root INFO command string = gain
15:58:08,301 root INFO command queue get = 
startsave
15:58:08,301 root INFO command string = startsave
15:58:08,301 root INFO process_js_command understood = startsave
15:58:08,301 root INFO no folder name provided: autogenerated a folder for saving = D:/data/rap/temp43
15:58:08,301 root INFO startsave called, with D:/data/rap/temp43
15:59:11,156 root INFO command queue get = 
stopsave
15:59:11,156 root INFO command string = stopsave
15:59:11,156 root INFO stopsave called
15:59:46,414 root INFO command queue get = 
startsave
15:59:46,414 root INFO command string = startsave
15:59:46,414 root INFO process_js_command understood = startsave
15:59:46,423 root INFO no folder name provided: autogenerated a folder for saving = D:/data/rap/temp44
15:59:46,423 root INFO startsave called, with D:/data/rap/temp44
16:00:13,795 root INFO command queue get = 
stopsave
16:00:13,795 root INFO command string = stopsave
16:00:13,795 root INFO stopsave called
10:41:57,532 root INFO *******starting the program*******
10:41:57,532 vmbpyLog INFO Starting vmbpy: 1.0.5 (using VmbC: 1.0.6, VmbImageTransform: 2.1)
10:41:59,202 root INFO command queue pre start  = jmessage
10:41:59,202 root INFO command string = jmessage
10:41:59,202 root INFO process_js_command understood = jmessage
10:42:03,946 root INFO command queue pre start  = 
trigger,1
10:42:03,946 root INFO command string = trigger
10:42:03,946 root INFO process_js_command understood = cameratrigger
10:42:14,967 root INFO command queue pre start  = 
startcamera
10:45:23,598 root INFO command queue get = 
gain,20
10:45:23,599 root INFO command string = gain
10:45:23,630 root INFO command queue get = 
gain,30
10:45:23,630 root INFO command string = gain
11:50:04,597 root INFO *******starting the program*******
11:50:04,597 vmbpyLog INFO Starting vmbpy: 1.0.5 (using VmbC: 1.0.6, VmbImageTransform: 2.1)
11:50:06,147 root INFO command queue pre start  = jmessage
11:50:06,147 root INFO command string = jmessage
11:50:06,147 root INFO process_js_command understood = jmessage
11:50:15,404 root INFO command queue pre start  = 
trigger,1
11:50:15,404 root INFO command string = trigger
11:50:15,404 root INFO process_js_command understood = cameratrigger
11:50:23,325 root INFO command queue pre start  = 
startcamera
11:53:51,907 root INFO command queue get = 
quit
11:53:51,907 root INFO command string = quit
11:53:51,907 root INFO process_js_command understood = quit
12:23:16,224 root INFO *******starting the program*******
12:23:16,224 vmbpyLog INFO Starting vmbpy: 1.0.5 (using VmbC: 1.0.6, VmbImageTransform: 2.1)
12:23:17,544 root INFO command queue pre start  = jmessage
12:23:17,544 root INFO command string = jmessage
12:23:17,544 root INFO process_js_command understood = jmessage
12:23:20,474 root INFO command queue pre start  = 
trigger,1
12:23:20,474 root INFO command string = trigger
12:23:20,474 root INFO process_js_command understood = cameratrigger
12:23:26,360 root INFO command queue pre start  = 
startcamera
12:25:21,173 root INFO *******starting the program*******
12:25:21,173 vmbpyLog INFO Starting vmbpy: 1.0.5 (using VmbC: 1.0.6, VmbImageTransform: 2.1)
12:25:22,492 root INFO command queue pre start  = jmessage
12:25:22,492 root INFO command string = jmessage
12:25:22,492 root INFO process_js_command understood = jmessage
12:25:24,736 root INFO command queue pre start  = 
trigger,1
12:25:24,736 root INFO command string = trigger
12:25:24,736 root INFO process_js_command understood = cameratrigger
12:25:29,640 root INFO command queue pre start  = 
startcamera
12:28:46,107 root INFO command queue get = 
quit
12:28:46,107 root INFO command string = quit
12:28:46,107 root INFO process_js_command understood = quit
12:37:27,357 root INFO *******starting the program*******
12:37:27,358 vmbpyLog INFO Starting vmbpy: 1.0.5 (using VmbC: 1.0.6, VmbImageTransform: 2.1)
12:37:28,643 root INFO command queue pre start  = jmessage
12:37:28,643 root INFO command string = jmessage
12:37:28,643 root INFO process_js_command understood = jmessage
12:37:32,11 root INFO command queue pre start  = 
trigger,1
12:37:32,11 root INFO command string = trigger
12:37:32,11 root INFO process_js_command understood = cameratrigger
12:37:36,762 root INFO command queue pre start  = 
startcamera
12:39:37,509 root INFO *******starting the program*******
12:39:37,510 vmbpyLog INFO Starting vmbpy: 1.0.5 (using VmbC: 1.0.6, VmbImageTransform: 2.1)
12:39:38,735 root INFO command queue pre start  = jmessage
12:39:38,735 root INFO command string = jmessage
12:39:38,735 root INFO process_js_command understood = jmessage
12:39:40,56 root INFO command queue pre start  = 
trigger,1
12:39:40,56 root INFO command string = trigger
12:39:40,56 root INFO process_js_command understood = cameratrigger
12:39:46,821 root INFO command queue pre start  = 
startcamera
12:40:51,354 root INFO command queue get = 
quit
12:40:51,355 root INFO command string = quit
12:40:51,355 root INFO process_js_command understood = quit
12:42:06,725 root INFO *******starting the program*******
12:42:06,726 vmbpyLog INFO Starting vmbpy: 1.0.5 (using VmbC: 1.0.6, VmbImageTransform: 2.1)
12:42:08,41 root INFO command queue pre start  = jmessage
12:42:08,41 root INFO command string = jmessage
12:42:08,41 root INFO process_js_command understood = jmessage
12:42:09,24 root INFO command queue pre start  = 
trigger,1
12:42:09,24 root INFO command string = trigger
12:42:09,24 root INFO process_js_command understood = cameratrigger
12:42:18,618 root INFO command queue pre start  = 
startcamera
12:43:26,535 root INFO command queue get = 
=m
quit
12:43:26,536 root INFO command string = =m
quit
12:43:38,50 root INFO command queue get = 
quit
12:43:38,50 root INFO command string = quit
12:43:38,50 root INFO process_js_command understood = quit
12:44:05,516 root INFO *******starting the program*******
12:44:05,517 vmbpyLog INFO Starting vmbpy: 1.0.5 (using VmbC: 1.0.6, VmbImageTransform: 2.1)
12:44:06,823 root INFO command queue pre start  = jmessage
12:44:06,824 root INFO command string = jmessage
12:44:06,824 root INFO process_js_command understood = jmessage
12:44:09,278 root INFO command queue pre start  = 
trigger,1
12:44:09,278 root INFO command string = trigger
12:44:09,278 root INFO process_js_command understood = cameratrigger
12:44:13,84 root INFO command queue pre start  = 
startcamera
12:46:30,200 root INFO *******starting the program*******
12:46:30,200 vmbpyLog INFO Starting vmbpy: 1.0.5 (using VmbC: 1.0.6, VmbImageTransform: 2.1)
12:46:31,503 root INFO command queue pre start  = jmessage
12:46:31,503 root INFO command string = jmessage
12:46:31,504 root INFO process_js_command understood = jmessage
12:46:32,327 root INFO command queue pre start  = 
trigger,1
12:46:32,327 root INFO command string = trigger
12:46:32,327 root INFO process_js_command understood = cameratrigger
12:46:37,207 root INFO command queue pre start  = 
start camera
12:46:37,207 root INFO command string = start camera
12:46:43,150 root INFO command queue pre start  = 
startcamera
12:48:18,721 root INFO command queue get = 
quit
12:48:18,721 root INFO command string = quit
12:48:18,721 root INFO process_js_command understood = quit
12:48:42,548 root INFO *******starting the program*******
12:48:42,549 vmbpyLog INFO Starting vmbpy: 1.0.5 (using VmbC: 1.0.6, VmbImageTransform: 2.1)
12:48:43,868 root INFO command queue pre start  = jmessage
12:48:43,868 root INFO command string = jmessage
12:48:43,868 root INFO process_js_command understood = jmessage
12:48:48,654 root INFO command queue pre start  = 
trigger,1
12:48:48,654 root INFO command string = trigger
12:48:48,654 root INFO process_js_command understood = cameratrigger
12:48:55,510 root INFO command queue pre start  = 
startcamera
12:51:00,698 root INFO command queue get = 
quit
12:51:00,698 root INFO command string = quit
12:51:00,698 root INFO process_js_command understood = quit
15:57:48,162 root INFO *******starting the program*******
15:57:48,163 vmbpyLog INFO Starting vmbpy: 1.0.5 (using VmbC: 1.0.6, VmbImageTransform: 2.1)
15:57:49,649 root INFO command queue pre start  = jmessage
15:57:49,649 root INFO command string = jmessage
15:57:49,649 root INFO process_js_command understood = jmessage
15:57:52,623 root INFO command queue pre start  = 
trigger,1
15:57:52,623 root INFO command string = trigger
15:57:52,623 root INFO process_js_command understood = cameratrigger
15:57:58,863 root INFO command queue pre start  = 
startcamera
15:58:23,879 root INFO command queue get = 
gain,20
15:58:23,880 root INFO command string = gain
15:59:53,134 root INFO command queue get = 
trigger,0
15:59:53,135 root INFO command string = trigger
15:59:53,135 root INFO process_js_command understood = cameratrigger
16:05:06,327 root INFO *******starting the program*******
16:05:06,327 vmbpyLog INFO Starting vmbpy: 1.0.5 (using VmbC: 1.0.6, VmbImageTransform: 2.1)
16:05:07,187 vmbpyLog ERROR Accessed Camera 'DEV_1AB22C031649' is already in use. Could not be opened with access mode 'AccessMode.Full'. Valid modes are: (<AccessMode.None_: 0>,)
16:11:48,941 root INFO *******starting the program*******
16:11:48,941 vmbpyLog INFO Starting vmbpy: 1.0.5 (using VmbC: 1.0.6, VmbImageTransform: 2.1)
16:11:50,213 root INFO command queue pre start  = jmessage
16:11:50,213 root INFO command string = jmessage
16:11:50,213 root INFO process_js_command understood = jmessage
16:11:53,666 root INFO command queue pre start  = 
trigger,0
16:11:53,666 root INFO command string = trigger
16:11:53,666 root INFO process_js_command understood = cameratrigger
16:12:00,932 root INFO command queue pre start  = 
startcamera
16:12:01,55 vmbpyLog ERROR Invalid access while calling 'set()' of Feature 'PixelFormat'. Read access: allowed. Write access: not allowed. 
16:13:59,356 root INFO *******starting the program*******
16:13:59,357 vmbpyLog INFO Starting vmbpy: 1.0.5 (using VmbC: 1.0.6, VmbImageTransform: 2.1)
16:14:00,661 root INFO command queue pre start  = jmessage
16:14:00,661 root INFO command string = jmessage
16:14:00,661 root INFO process_js_command understood = jmessage
16:14:04,894 root INFO command queue pre start  = 
trigger,1
16:14:04,894 root INFO command string = trigger
16:14:04,894 root INFO process_js_command understood = cameratrigger
16:14:10,749 root INFO command queue pre start  = 
startcamera
16:14:50,176 root INFO command queue get = 
gain,0
16:14:50,176 root INFO command string = gain
16:15:10,929 root INFO command queue get = 
gain,30
16:15:10,929 root INFO command string = gain
16:17:44,77 root INFO command queue get = 
quit
16:17:44,77 root INFO command string = quit
16:17:44,77 root INFO process_js_command understood = quit
16:18:37,990 root INFO *******starting the program*******
16:18:37,990 vmbpyLog INFO Starting vmbpy: 1.0.5 (using VmbC: 1.0.6, VmbImageTransform: 2.1)
16:18:39,281 root INFO command queue pre start  = jmessage
16:18:39,281 root INFO command string = jmessage
16:18:39,281 root INFO process_js_command understood = jmessage
16:18:44,728 root INFO command queue pre start  = 
trigger,0
16:18:44,728 root INFO command string = trigger
16:18:44,728 root INFO process_js_command understood = cameratrigger
16:18:49,654 root INFO command queue pre start  = 
startcamera
16:18:49,734 vmbpyLog ERROR Invalid access while calling 'set()' of Feature 'PixelFormat'. Read access: allowed. Write access: not allowed. 
16:25:37,213 root INFO *******starting the program*******
16:25:37,213 vmbpyLog INFO Starting vmbpy: 1.0.5 (using VmbC: 1.0.6, VmbImageTransform: 2.1)
16:25:38,517 root INFO command queue pre start  = jmessage
16:25:38,517 root INFO command string = jmessage
16:25:38,517 root INFO process_js_command understood = jmessage
16:25:45,381 root INFO command queue pre start  = 
startcamera
16:26:05,742 root INFO command queue get = 
gain,10
16:26:05,742 root INFO command string = gain
16:26:09,848 root INFO command queue get = 
gain,0
16:26:09,848 root INFO command string = gain
16:28:04,469 root INFO command queue get = 
quit
16:28:04,469 root INFO command string = quit
16:28:04,469 root INFO process_js_command understood = quit
16:30:35,840 root INFO *******starting the program*******
16:30:35,840 vmbpyLog INFO Starting vmbpy: 1.0.5 (using VmbC: 1.0.6, VmbImageTransform: 2.1)
16:30:37,112 root INFO command queue pre start  = jmessage
16:30:37,112 root INFO command string = jmessage
16:30:37,112 root INFO process_js_command understood = jmessage
16:30:44,239 root INFO command queue pre start  = 
startcamera
16:30:55,439 root INFO command queue get = 
exposure,10000
16:30:55,439 root INFO command string = exposure
16:30:59,815 root INFO command queue get = 
exposure,1000
16:30:59,815 root INFO command string = exposure
16:34:43,200 root INFO command queue get = 
quit
16:34:43,200 root INFO command string = quit
16:34:43,200 root INFO process_js_command understood = quit
16:35:03,662 root INFO *******starting the program*******
16:35:03,662 vmbpyLog INFO Starting vmbpy: 1.0.5 (using VmbC: 1.0.6, VmbImageTransform: 2.1)
16:35:04,980 root INFO command queue pre start  = jmessage
16:35:04,980 root INFO command string = jmessage
16:35:04,980 root INFO process_js_command understood = jmessage
16:35:10,430 root INFO command queue pre start  = 
startcamera
16:35:17,781 root INFO command queue get = 
exposure,1000
16:35:17,781 root INFO command string = exposure
16:38:12,547 root INFO *******starting the program*******
16:38:12,547 vmbpyLog INFO Starting vmbpy: 1.0.5 (using VmbC: 1.0.6, VmbImageTransform: 2.1)
16:38:13,443 vmbpyLog ERROR Accessed Camera 'DEV_1AB22C031649' is already in use. Could not be opened with access mode 'AccessMode.Full'. Valid modes are: (<AccessMode.None_: 0>,)
16:38:43,763 root INFO *******starting the program*******
16:38:43,765 vmbpyLog INFO Starting vmbpy: 1.0.5 (using VmbC: 1.0.6, VmbImageTransform: 2.1)
16:38:45,48 root INFO command queue pre start  = jmessage
16:38:45,48 root INFO command string = jmessage
16:38:45,48 root INFO process_js_command understood = jmessage
16:38:49,632 root INFO command queue pre start  = 
startcamera
16:39:00,858 root INFO command queue get = 
exposure,1000
16:39:00,858 root INFO command string = exposure
16:43:25,7 root INFO *******starting the program*******
16:43:25,7 vmbpyLog INFO Starting vmbpy: 1.0.5 (using VmbC: 1.0.6, VmbImageTransform: 2.1)
16:43:26,291 root INFO command queue pre start  = jmessage
16:43:26,291 root INFO command string = jmessage
16:43:26,291 root INFO process_js_command understood = jmessage
16:43:31,193 root INFO command queue pre start  = 
startcamera
16:44:40,321 root INFO command queue get = 
exposure,4000
16:44:40,321 root INFO command string = exposure
16:44:57,40 root INFO command queue get = 
exposure,3000
16:44:57,40 root INFO command string = exposure
17:23:51,253 root INFO *******starting the program*******
17:23:51,253 vmbpyLog INFO Starting vmbpy: 1.0.5 (using VmbC: 1.0.6, VmbImageTransform: 2.1)
17:23:52,521 root INFO command queue pre start  = jmessage
17:23:52,521 root INFO command string = jmessage
17:23:52,521 root INFO process_js_command understood = jmessage
17:23:57,542 root INFO command queue pre start  = 
fps,50
17:23:57,542 root INFO command string = fps
17:23:57,542 root INFO process_js_command understood = framerate
17:24:04,410 root INFO command queue pre start  = 
startcamera
17:24:09,882 root INFO command queue get = 
exposure,2000
17:24:09,882 root INFO command string = exposure
17:24:18,447 root INFO command queue get = 
startsave
17:24:18,447 root INFO command string = startsave
17:24:18,447 root INFO process_js_command understood = startsave
17:24:18,447 root INFO no folder name provided: autogenerated a folder for saving = D:/data/rap/temp46
17:24:18,447 root INFO startsave called, with D:/data/rap/temp46
17:24:32,473 root INFO command queue get = 
stopsave
17:24:32,473 root INFO command string = stopsave
17:24:32,473 root INFO stopsave called
17:27:09,337 root INFO command queue get = 
quit
17:27:09,337 root INFO command string = quit
17:27:09,337 root INFO process_js_command understood = quit
17:27:48,795 root INFO *******starting the program*******
17:27:48,797 vmbpyLog INFO Starting vmbpy: 1.0.5 (using VmbC: 1.0.6, VmbImageTransform: 2.1)
17:27:50,40 root INFO command queue pre start  = jmessage
17:27:50,40 root INFO command string = jmessage
17:27:50,40 root INFO process_js_command understood = jmessage
17:28:18,387 root INFO command queue pre start  = 
fps,50
17:28:18,387 root INFO command string = fps
17:28:18,387 root INFO process_js_command understood = framerate
17:28:34,262 root INFO command queue pre start  = 
startcamera
17:28:45,344 root INFO command queue get = 
exposure,2000
17:28:45,344 root INFO command string = exposure
17:30:12,773 root INFO command queue get = 
startsave
17:30:12,773 root INFO command string = startsave
17:30:12,773 root INFO process_js_command understood = startsave
17:30:12,773 root INFO no folder name provided: autogenerated a folder for saving = D:/data/rap/temp47
17:30:12,773 root INFO startsave called, with D:/data/rap/temp47
17:30:25,741 root INFO command queue get = 
stopsave
17:30:25,741 root INFO command string = stopsave
17:30:25,741 root INFO stopsave called
09:12:24,501 root INFO *******starting the program*******
09:12:24,501 vmbpyLog INFO Starting vmbpy: 1.0.5 (using VmbC: 1.0.6, VmbImageTransform: 2.1)
09:12:25,968 root INFO command queue pre start  = jmessage
09:12:25,968 root INFO command string = jmessage
09:12:25,968 root INFO process_js_command understood = jmessage
09:12:27,865 root INFO command queue pre start  = 
fps,99
09:12:27,865 root INFO command string = fps
09:12:27,865 root INFO process_js_command understood = framerate
09:12:36,828 root INFO command queue pre start  = 
startcamera
09:12:42,533 root INFO command queue get = 
exposure,2000
09:12:42,533 root INFO command string = exposure
09:12:47,805 root INFO command queue get = 
exposure,1000
09:12:47,805 root INFO command string = exposure
09:12:53,150 root INFO command queue get = 
exposure,3000
09:12:53,150 root INFO command string = exposure
09:12:58,196 root INFO command queue get = 
exposure,5000
09:12:58,196 root INFO command string = exposure
09:13:02,988 root INFO command queue get = 
exposure,7000
09:13:02,988 root INFO command string = exposure
09:13:07,839 root INFO command queue get = 
exposure,8000
09:13:07,839 root INFO command string = exposure
09:13:18,974 root INFO command queue get = 
exposure,10000
09:13:18,990 root INFO command string = exposure
09:26:14,61 root INFO *******starting the program*******
09:26:14,67 vmbpyLog INFO Starting vmbpy: 1.0.5 (using VmbC: 1.0.6, VmbImageTransform: 2.1)
09:26:15,434 root INFO command queue pre start  = jmessage
09:26:15,434 root INFO command string = jmessage
09:26:15,434 root INFO process_js_command understood = jmessage
09:26:18,449 root INFO command queue pre start  = 
fps,99
09:26:18,449 root INFO command string = fps
09:26:18,449 root INFO process_js_command understood = framerate
09:26:26,672 root INFO command queue pre start  = 
startcamera
09:26:34,660 root INFO command queue get = 
exposure,2000
09:26:34,660 root INFO command string = exposure
09:29:28,291 root INFO command queue get = 
exposure,5000
09:29:28,291 root INFO command string = exposure
09:29:34,558 root INFO command queue get = 
exposure,9000
09:29:34,558 root INFO command string = exposure
09:29:51,813 root INFO command queue get = 
exposure,10000
09:29:51,813 root INFO command string = exposure
09:30:23,781 root INFO command queue get = 
startsave
09:30:23,781 root INFO command string = startsave
09:30:23,781 root INFO process_js_command understood = startsave
09:30:24,389 root INFO no folder name provided: autogenerated a folder for saving = D:/data/rap/temp48
09:30:24,389 root INFO startsave called, with D:/data/rap/temp48
09:30:43,249 root INFO command queue get = 
stopsave
09:30:43,249 root INFO command string = stopsave
09:30:43,249 root INFO stopsave called
09:34:54,246 root INFO command queue get = 
exposure,7000
09:34:54,246 root INFO command string = exposure
09:35:05,623 root INFO command queue get = 
startsave
09:35:05,623 root INFO command string = startsave
09:35:05,623 root INFO process_js_command understood = startsave
09:35:05,623 root INFO no folder name provided: autogenerated a folder for saving = D:/data/rap/temp49
09:35:05,623 root INFO startsave called, with D:/data/rap/temp49
09:35:24,988 root INFO command queue get = 
stopsave
09:35:24,988 root INFO command string = stopsave
09:35:24,988 root INFO stopsave called
09:36:20,347 root INFO command queue get = 
exposure,10000
09:36:20,347 root INFO command string = exposure
09:36:25,300 root INFO command queue get = 
exposure,13000
09:36:25,300 root INFO command string = exposure
09:38:47,215 root INFO command queue get = 
startcamera
09:38:47,215 root INFO command string = startcamera
09:39:03,468 root INFO command queue get = 
stopcamera
09:39:03,468 root INFO command string = stopcamera
09:39:36,489 root INFO command queue get = 
startcamera
09:39:36,489 root INFO command string = startcamera
09:39:55,984 root INFO command queue get = 
stopcamera
09:39:55,984 root INFO command string = stopcamera
09:40:44,443 root INFO command queue get = 
startcamera
09:40:44,443 root INFO command string = startcamera
09:40:58,303 root INFO command queue get = 
stopcamera
09:40:58,303 root INFO command string = stopcamera
09:42:04,151 root INFO command queue get = 
startsave
09:42:04,151 root INFO command string = startsave
09:42:04,151 root INFO process_js_command understood = startsave
09:42:04,151 root INFO no folder name provided: autogenerated a folder for saving = D:/data/rap/temp50
09:42:04,151 root INFO startsave called, with D:/data/rap/temp50
09:42:23,104 root INFO command queue get = 
stopsave
09:42:23,104 root INFO command string = stopsave
09:42:23,104 root INFO stopsave called
09:57:46,867 root INFO command queue get = 
exposure,6000
09:57:46,867 root INFO command string = exposure
09:57:57,758 root INFO command queue get = 
exposure,5000
09:57:57,758 root INFO command string = exposure
10:02:25,706 root INFO command queue get = 
exposure,5000
10:02:25,706 root INFO command string = exposure
10:02:30,841 root INFO command queue get = 
exposure,2000
10:02:30,841 root INFO command string = exposure
10:02:37,250 root INFO command queue get = 
exposure,15000
10:02:37,250 root INFO command string = exposure
10:02:41,33 root INFO command queue get = 
exposure,1500
10:02:41,33 root INFO command string = exposure
10:04:21,165 root INFO command queue get = 
startsave
10:04:21,165 root INFO command string = startsave
10:04:21,165 root INFO process_js_command understood = startsave
10:04:21,165 root INFO no folder name provided: autogenerated a folder for saving = D:/data/rap/temp51
10:04:21,165 root INFO startsave called, with D:/data/rap/temp51
10:04:29,949 root INFO command queue get = 
stopsave
10:04:29,949 root INFO command string = stopsave
10:04:29,949 root INFO stopsave called
10:16:42,750 root INFO command queue get = 
exposure,5000
10:16:42,750 root INFO command string = exposure
10:16:49,24 root INFO command queue get = 
exposure,7000
10:16:49,24 root INFO command string = exposure
10:17:41,910 root INFO command queue get = 
startsave
10:17:41,910 root INFO command string = startsave
10:17:41,910 root INFO process_js_command understood = startsave
10:17:41,910 root INFO no folder name provided: autogenerated a folder for saving = D:/data/rap/temp52
10:17:41,910 root INFO startsave called, with D:/data/rap/temp52
10:17:59,958 root INFO command queue get = 
stopsave
10:17:59,958 root INFO command string = stopsave
10:17:59,958 root INFO stopsave called
11:13:09,123 root INFO command queue get = 
exposure,2000
11:13:09,123 root INFO command string = exposure
11:13:14,504 root INFO command queue get = 
exposure,1000
11:13:14,504 root INFO command string = exposure
11:18:13,815 root INFO command queue get = 
startsave
11:18:13,815 root INFO command string = startsave
11:18:13,815 root INFO process_js_command understood = startsave
11:18:13,815 root INFO no folder name provided: autogenerated a folder for saving = D:/data/rap/temp53
11:18:13,815 root INFO startsave called, with D:/data/rap/temp53
11:18:34,272 root INFO command queue get = 
stopsave
11:18:34,272 root INFO command string = stopsave
11:18:34,272 root INFO stopsave called
11:27:37,973 root INFO command queue get = 
exposure,10000
11:27:37,973 root INFO command string = exposure
11:34:25,689 root INFO command queue get = 
exposure,7000
11:34:25,689 root INFO command string = exposure
11:34:29,292 root INFO command queue get = 
exposure,4000
11:34:29,292 root INFO command string = exposure
11:34:38,600 root INFO command queue get = 
exposure,3000
11:34:38,600 root INFO command string = exposure
12:03:01,255 root INFO command queue get = 
exposure,3500
12:03:01,255 root INFO command string = exposure
12:03:08,270 root INFO command queue get = 
exposure,4000
12:03:08,270 root INFO command string = exposure
12:04:11,39 root INFO command queue get = 
startsave
12:04:11,39 root INFO command string = startsave
12:04:11,39 root INFO process_js_command understood = startsave
12:04:11,39 root INFO no folder name provided: autogenerated a folder for saving = D:/data/rap/temp54
12:04:11,39 root INFO startsave called, with D:/data/rap/temp54
12:04:23,958 root INFO command queue get = 
stopsave
12:04:23,960 root INFO command string = stopsave
12:04:23,960 root INFO stopsave called
12:05:37,441 root INFO command queue get = 
startsave
12:05:37,441 root INFO command string = startsave
12:05:37,441 root INFO process_js_command understood = startsave
12:05:37,441 root INFO no folder name provided: autogenerated a folder for saving = D:/data/rap/temp55
12:05:37,441 root INFO startsave called, with D:/data/rap/temp55
12:05:45,787 root INFO command queue get = 
stopsave
12:05:45,787 root INFO command string = stopsave
12:05:45,787 root INFO stopsave called
12:11:26,121 root INFO command queue get = 
startsave
12:11:26,121 root INFO command string = startsave
12:11:26,121 root INFO process_js_command understood = startsave
12:11:26,124 root INFO no folder name provided: autogenerated a folder for saving = D:/data/rap/temp56
12:11:26,124 root INFO startsave called, with D:/data/rap/temp56
12:11:37,870 root INFO command queue get = 
stopsave
12:11:37,870 root INFO command string = stopsave
12:11:37,870 root INFO stopsave called
12:12:36,192 root INFO command queue get = 
exposure,4000
12:12:36,192 root INFO command string = exposure
12:12:45,703 root INFO command queue get = 
exposure,6000
12:12:45,703 root INFO command string = exposure
12:12:49,776 root INFO command queue get = 
exposure76000
12:12:49,776 root INFO command string = exposure76000
12:12:53,661 root INFO command queue get = 
exposure7000
12:12:53,661 root INFO command string = exposure7000
12:12:57,896 root INFO command queue get = 
exposure7000
12:12:57,896 root INFO command string = exposure7000
12:13:36,757 root INFO command queue get = 
startsave
12:13:36,757 root INFO command string = startsave
12:13:36,757 root INFO process_js_command understood = startsave
12:13:36,769 root INFO no folder name provided: autogenerated a folder for saving = D:/data/rap/temp57
12:13:36,769 root INFO startsave called, with D:/data/rap/temp57
12:13:49,153 root INFO command queue get = 
stopsave
12:13:49,153 root INFO command string = stopsave
12:13:49,153 root INFO stopsave called
12:14:29,533 root INFO command queue get = 
startsave
12:14:29,533 root INFO command string = startsave
12:14:29,533 root INFO process_js_command understood = startsave
12:14:29,533 root INFO no folder name provided: autogenerated a folder for saving = D:/data/rap/temp58
12:14:29,533 root INFO startsave called, with D:/data/rap/temp58
12:14:45,345 root INFO command queue get = 
stopsave
12:14:45,345 root INFO command string = stopsave
12:14:45,345 root INFO stopsave called
12:15:23,606 root INFO command queue get = 
startsave
12:15:23,606 root INFO command string = startsave
12:15:23,606 root INFO process_js_command understood = startsave
12:15:23,622 root INFO no folder name provided: autogenerated a folder for saving = D:/data/rap/temp59
12:15:23,622 root INFO startsave called, with D:/data/rap/temp59
12:15:38,263 root INFO command queue get = 
stopsave
12:15:38,263 root INFO command string = stopsave
12:15:38,263 root INFO stopsave called
12:16:34,787 root INFO command queue get = 
startsave
12:16:34,787 root INFO command string = startsave
12:16:34,787 root INFO process_js_command understood = startsave
12:16:34,787 root INFO no folder name provided: autogenerated a folder for saving = D:/data/rap/temp60
12:16:34,787 root INFO startsave called, with D:/data/rap/temp60
12:16:53,716 root INFO command queue get = 
stopsave
12:16:53,716 root INFO command string = stopsave
12:16:53,716 root INFO stopsave called
13:15:28,949 root INFO command queue get = 
startsave
13:15:28,949 root INFO command string = startsave
13:15:28,949 root INFO process_js_command understood = startsave
13:15:28,949 root INFO no folder name provided: autogenerated a folder for saving = D:/data/rap/temp61
13:15:28,949 root INFO startsave called, with D:/data/rap/temp61
13:15:41,94 root INFO command queue get = 
stopsave
13:15:41,94 root INFO command string = stopsave
13:15:41,94 root INFO stopsave called
13:17:15,332 root INFO command queue get = 
startsave
13:17:15,332 root INFO command string = startsave
13:17:15,332 root INFO process_js_command understood = startsave
13:17:15,332 root INFO no folder name provided: autogenerated a folder for saving = D:/data/rap/temp62
13:17:15,332 root INFO startsave called, with D:/data/rap/temp62
13:17:25,91 root INFO command queue get = 
stopsave
13:17:25,91 root INFO command string = stopsave
13:17:25,91 root INFO stopsave called
14:03:29,715 root INFO command queue get = 
startsave
14:03:29,715 root INFO command string = startsave
14:03:29,715 root INFO process_js_command understood = startsave
14:03:29,715 root INFO no folder name provided: autogenerated a folder for saving = D:/data/rap/temp63
14:03:29,715 root INFO startsave called, with D:/data/rap/temp63
14:03:43,78 root INFO command queue get = 
stopsave
14:03:43,78 root INFO command string = stopsave
14:03:43,78 root INFO stopsave called
14:08:39,564 root INFO command queue get = 
exposure,3500
14:08:39,564 root INFO command string = exposure
14:10:44,835 root INFO command queue get = 
exposure,4000
14:10:44,835 root INFO command string = exposure
14:10:53,167 root INFO command queue get = 
exposure,4500
14:10:53,167 root INFO command string = exposure
14:11:18,591 root INFO command queue get = 
startsave
14:11:18,591 root INFO command string = startsave
14:11:18,591 root INFO process_js_command understood = startsave
14:11:18,591 root INFO no folder name provided: autogenerated a folder for saving = D:/data/rap/temp64
14:11:18,591 root INFO startsave called, with D:/data/rap/temp64
14:11:38,408 root INFO command queue get = 
stopsave
14:11:38,408 root INFO command string = stopsave
14:11:38,408 root INFO stopsave called
14:13:47,347 root INFO command queue get = 
startsave
14:13:47,347 root INFO command string = startsave
14:13:47,347 root INFO process_js_command understood = startsave
14:13:47,347 root INFO no folder name provided: autogenerated a folder for saving = D:/data/rap/temp65
14:13:47,347 root INFO startsave called, with D:/data/rap/temp65
14:13:57,724 root INFO command queue get = 
stopsave
14:13:57,724 root INFO command string = stopsave
14:13:57,724 root INFO stopsave called
14:14:36,428 root INFO command queue get = 
exposure,4000
14:14:36,428 root INFO command string = exposure
14:14:41,31 root INFO command queue get = 
exposure,7000
14:14:41,31 root INFO command string = exposure
14:14:45,816 root INFO command queue get = 
exposure,8000
14:14:45,816 root INFO command string = exposure
14:14:51,145 root INFO command queue get = 
exposure,9000
14:14:51,145 root INFO command string = exposure
14:14:59,659 root INFO command queue get = 
startsave
14:14:59,659 root INFO command string = startsave
14:14:59,659 root INFO process_js_command understood = startsave
14:14:59,659 root INFO no folder name provided: autogenerated a folder for saving = D:/data/rap/temp66
14:14:59,659 root INFO startsave called, with D:/data/rap/temp66
14:15:16,861 root INFO command queue get = 
stopsave
14:15:16,861 root INFO command string = stopsave
14:15:16,861 root INFO stopsave called
14:15:44,152 root INFO command queue get = 
startsave
14:15:44,152 root INFO command string = startsave
14:15:44,152 root INFO process_js_command understood = startsave
14:15:44,165 root INFO no folder name provided: autogenerated a folder for saving = D:/data/rap/temp67
14:15:44,165 root INFO startsave called, with D:/data/rap/temp67
14:15:55,692 root INFO command queue get = 
stopsave
14:15:55,692 root INFO command string = stopsave
14:15:55,692 root INFO stopsave called
14:16:18,150 root INFO command queue get = 
exposure,5000
14:16:18,150 root INFO command string = exposure
14:16:23,509 root INFO command queue get = 
exposure,9000
14:16:23,509 root INFO command string = exposure
14:16:28,750 root INFO command queue get = 
exposure,11000
14:16:28,750 root INFO command string = exposure
14:16:34,727 root INFO command queue get = 
exposure,12000
14:16:34,727 root INFO command string = exposure
14:16:41,43 root INFO command queue get = 
startsave
14:16:41,43 root INFO command string = startsave
14:16:41,55 root INFO process_js_command understood = startsave
14:16:41,59 root INFO no folder name provided: autogenerated a folder for saving = D:/data/rap/temp68
14:16:41,59 root INFO startsave called, with D:/data/rap/temp68
14:16:55,977 root INFO command queue get = 
stopsave
14:16:55,977 root INFO command string = stopsave
14:16:55,977 root INFO stopsave called
14:17:59,118 root INFO command queue get = 
exposure,4500
14:17:59,125 root INFO command string = exposure
15:11:02,809 root INFO command queue get = 
startsave
15:11:02,809 root INFO command string = startsave
15:11:02,809 root INFO process_js_command understood = startsave
15:11:02,809 root INFO no folder name provided: autogenerated a folder for saving = D:/data/rap/temp48
15:11:02,809 root INFO startsave called, with D:/data/rap/temp48
15:11:18,860 root INFO command queue get = 
stopsave
15:11:18,860 root INFO command string = stopsave
15:11:18,860 root INFO stopsave called
15:15:23,738 root INFO command queue get = 
startsave
15:15:23,738 root INFO command string = startsave
15:15:23,738 root INFO process_js_command understood = startsave
15:15:23,753 root INFO no folder name provided: autogenerated a folder for saving = D:/data/rap/temp51
15:15:23,753 root INFO startsave called, with D:/data/rap/temp51
15:15:54,784 root INFO command queue get = 
stopsave
15:15:54,784 root INFO command string = stopsave
15:15:54,784 root INFO stopsave called
15:21:14,68 vmbpyLog INFO Removed camera "57:C:\Program Files\Allied Vision\Vimba X\cti\VimbaUSBTL.cti21:VimbaUSBInterface_0x016:DEV_1AB22C031649" from active cameras
10:42:18,30 root INFO *******starting the program*******
10:42:18,43 vmbpyLog INFO Starting vmbpy: 1.0.5 (using VmbC: 1.0.6, VmbImageTransform: 2.1)
10:42:19,425 root INFO command queue pre start  = jmessage
10:42:19,425 root INFO command string = jmessage
10:42:19,425 root INFO process_js_command understood = jmessage
10:42:20,572 root INFO command queue pre start  = 
fps,99
10:42:20,572 root INFO command string = fps
10:42:20,572 root INFO process_js_command understood = framerate
10:42:29,313 root INFO command queue pre start  = 
startcamera
10:49:40,366 root INFO command queue get = 
exposure,800
10:49:40,366 root INFO command string = exposure
10:49:49,963 root INFO command queue get = 
exposure,600
10:49:49,963 root INFO command string = exposure
10:49:57,963 root INFO command queue get = 
exposure,400
10:49:57,963 root INFO command string = exposure
10:50:03,377 root INFO command queue get = 
exposure,500
10:50:03,377 root INFO command string = exposure
10:50:30,747 root INFO command queue get = 
startsave
10:50:30,747 root INFO command string = startsave
10:50:30,747 root INFO process_js_command understood = startsave
10:50:30,747 root INFO no folder name provided: autogenerated a folder for saving = D:/data/rap/temp52
10:50:30,747 root INFO startsave called, with D:/data/rap/temp52
10:50:39,27 root INFO command queue get = 
stopsave
10:50:39,27 root INFO command string = stopsave
10:50:39,29 root INFO stopsave called
11:03:34,625 root INFO command queue get = 
exposure,1200
11:03:34,625 root INFO command string = exposure
11:03:56,174 root INFO command queue get = 
exposure,4000
11:03:56,174 root INFO command string = exposure
11:04:01,418 root INFO command queue get = 
exposure,8000
11:04:01,418 root INFO command string = exposure
11:04:37,637 root INFO command queue get = 
exposure,3500
11:04:37,637 root INFO command string = exposure
11:04:40,556 root INFO command queue get = 
exposure,4500
11:04:40,556 root INFO command string = exposure
11:37:28,195 root INFO *******starting the program*******
11:37:28,195 vmbpyLog INFO Starting vmbpy: 1.0.5 (using VmbC: 1.0.6, VmbImageTransform: 2.1)
11:37:29,525 root INFO command queue pre start  = jmessage
11:37:29,525 root INFO command string = jmessage
11:37:29,525 root INFO process_js_command understood = jmessage
11:37:33,682 root INFO command queue pre start  = 
fps,99
11:37:33,682 root INFO command string = fps
11:37:33,682 root INFO process_js_command understood = framerate
11:37:45,352 root INFO command queue pre start  = 
startcamera
11:44:20,733 root INFO *******starting the program*******
11:44:20,733 vmbpyLog INFO Starting vmbpy: 1.0.5 (using VmbC: 1.0.6, VmbImageTransform: 2.1)
11:44:22,72 root INFO command queue pre start  = jmessage
11:44:22,72 root INFO command string = jmessage
11:44:22,72 root INFO process_js_command understood = jmessage
11:44:29,100 root INFO command queue pre start  = 
fps,99
11:44:29,100 root INFO command string = fps
11:44:29,100 root INFO process_js_command understood = framerate
11:44:37,377 root INFO command queue pre start  = 
startcamera
11:51:45,701 root INFO *******starting the program*******
11:51:45,711 vmbpyLog INFO Starting vmbpy: 1.0.5 (using VmbC: 1.0.6, VmbImageTransform: 2.1)
11:51:47,51 root INFO command queue pre start  = jmessage
11:51:47,51 root INFO command string = jmessage
11:51:47,51 root INFO process_js_command understood = jmessage
11:51:48,703 root INFO command queue pre start  = 
fps,50
11:51:48,703 root INFO command string = fps
11:51:48,703 root INFO process_js_command understood = framerate
11:51:58,630 root INFO command queue pre start  = 
startcamera
11:52:10,55 root INFO command queue get = 
exposure,1500
11:52:10,55 root INFO command string = exposure
11:52:14,291 root INFO command queue get = 
exposure,2000
11:52:14,291 root INFO command string = exposure
11:52:57,839 root INFO command queue get = 
exposure,3000
11:52:57,839 root INFO command string = exposure
11:58:45,598 root INFO command queue get = 
exposure,3000
11:58:45,598 root INFO command string = exposure
11:58:50,799 root INFO command queue get = 
exposure,5000
11:58:50,799 root INFO command string = exposure
11:58:55,949 root INFO command queue get = 
exposure,6000
11:58:55,949 root INFO command string = exposure
12:36:09,433 root INFO command queue get = 
exposure,5000
12:36:09,433 root INFO command string = exposure
12:36:16,730 root INFO command queue get = 
exposure,8000
12:36:16,730 root INFO command string = exposure
12:36:21,707 root INFO command queue get = 
exposure,10000
12:36:21,707 root INFO command string = exposure
14:26:52,491 root INFO command queue get = 
exposure,7000
14:26:52,491 root INFO command string = exposure
14:27:50,921 root INFO command queue get = 
exposure,9000
14:27:50,921 root INFO command string = exposure
14:27:56,158 root INFO command queue get = 
exposure,12000
14:27:56,158 root INFO command string = exposure
14:28:00,822 root INFO command queue get = 
exposure,16000
14:28:00,825 root INFO command string = exposure
14:28:05,3 root INFO command queue get = 
exposure,20000
14:28:05,3 root INFO command string = exposure
14:28:11,681 root INFO command queue get = 
exposure,23000
14:28:11,681 root INFO command string = exposure
14:28:18,667 root INFO command queue get = 
exposure,27000
14:28:18,667 root INFO command string = exposure
14:28:23,112 root INFO command queue get = 
exposure,30000
14:28:23,112 root INFO command string = exposure
14:30:46,833 root INFO command queue get = 
exposure,4000
14:30:46,833 root INFO command string = exposure
14:33:37,143 root INFO command queue get = 
exposure,12000
14:33:37,143 root INFO command string = exposure
14:33:47,595 root INFO command queue get = 
exposure,50000
14:33:47,595 root INFO command string = exposure
14:33:54,646 root INFO command queue get = 
exposure,60000
14:33:54,646 root INFO command string = exposure
14:33:59,337 root INFO command queue get = 
exposure,70000
14:33:59,337 root INFO command string = exposure
14:35:18,840 root INFO command queue get = 
exposure,70000
14:35:18,840 root INFO command string = exposure
14:39:18,844 root INFO command queue get = 
4000
4000
exposure,4000
14:39:18,844 root INFO command string = 4000
4000
exposure
14:39:22,999 root INFO command queue get = 
exposure,1000
14:39:22,999 root INFO command string = exposure
14:39:27,213 root INFO command queue get = 
exposure,2000
14:39:27,213 root INFO command string = exposure
14:39:36,151 root INFO command queue get = 
exposure,2500
14:39:36,151 root INFO command string = exposure
14:40:48,622 root INFO command queue get = 
startsave
14:40:48,622 root INFO command string = startsave
14:40:48,622 root INFO process_js_command understood = startsave
14:40:48,638 root INFO no folder name provided: autogenerated a folder for saving = D:/data/rap/temp55
14:40:48,638 root INFO startsave called, with D:/data/rap/temp55
14:41:02,583 root INFO command queue get = 
stopsave
14:41:02,583 root INFO command string = stopsave
14:41:02,583 root INFO stopsave called
14:43:27,508 root INFO command queue get = 
exposure,20000
14:43:27,508 root INFO command string = exposure
14:43:35,870 root INFO command queue get = 
exposure,80000
14:43:35,870 root INFO command string = exposure
14:43:46,4 root INFO command queue get = 
exposure,90000
14:43:46,4 root INFO command string = exposure
14:50:31,275 root INFO command queue get = 
startsave
14:50:31,275 root INFO command string = startsave
14:50:31,275 root INFO process_js_command understood = startsave
14:50:31,275 root INFO no folder name provided: autogenerated a folder for saving = D:/data/rap/temp69
14:50:31,275 root INFO startsave called, with D:/data/rap/temp69
14:50:45,109 root INFO command queue get = 
stopsave
14:50:45,109 root INFO command string = stopsave
14:50:45,109 root INFO stopsave called
14:54:52,428 root INFO command queue get = 
exposure,110000
14:54:52,428 root INFO command string = exposure
14:54:59,910 root INFO command queue get = 
exposure,5000
14:54:59,910 root INFO command string = exposure
14:55:08,184 root INFO command queue get = 
startsave
14:55:08,184 root INFO command string = startsave
14:55:08,184 root INFO process_js_command understood = startsave
14:55:08,184 root INFO no folder name provided: autogenerated a folder for saving = D:/data/rap/temp70
14:55:08,184 root INFO startsave called, with D:/data/rap/temp70
14:55:32,460 root INFO command queue get = 
exposure,10000
14:55:32,460 root INFO command string = exposure
14:55:48,10 root INFO command queue get = 
stopsave
14:55:48,10 root INFO command string = stopsave
14:55:48,10 root INFO stopsave called
14:59:37,986 root INFO command queue get = 
exposure,90000
14:59:37,986 root INFO command string = exposure
15:35:11,465 root INFO command queue get = 
exposure,2000
15:35:11,465 root INFO command string = exposure
15:37:46,983 root INFO command queue get = 
exposure,20000
15:37:46,993 root INFO command string = exposure
15:37:51,722 root INFO command queue get = 
exposure,40000
15:37:51,722 root INFO command string = exposure
15:44:24,403 root INFO command queue get = 
exposure,30000
15:44:24,416 root INFO command string = exposure
15:45:07,984 root INFO command queue get = 
exposure,3000
15:45:07,984 root INFO command string = exposure
15:45:12,617 root INFO command queue get = 
exposure,2000
15:45:12,617 root INFO command string = exposure
15:45:21,872 root INFO command queue get = 
exposure,3000
15:45:21,872 root INFO command string = exposure
15:48:51,125 root INFO command queue get = 
exposure,30000
15:48:51,129 root INFO command string = exposure
15:48:56,187 root INFO command queue get = 
exposure,40000
15:48:56,202 root INFO command string = exposure
10:45:21,899 root INFO *******starting the program*******
10:45:21,899 vmbpyLog INFO Starting vmbpy: 1.0.5 (using VmbC: 1.0.6, VmbImageTransform: 2.1)
10:45:23,457 root INFO command queue pre start  = jmessage
10:45:23,457 root INFO command string = jmessage
10:45:23,457 root INFO process_js_command understood = jmessage
10:45:23,569 root INFO command queue pre start  = 
fps,99
10:45:23,569 root INFO command string = fps
10:45:23,569 root INFO process_js_command understood = framerate
10:45:33,503 root INFO command queue pre start  = 
startcamera
10:45:47,911 root INFO command queue get = 
exposure,2000
10:45:47,911 root INFO command string = exposure
10:57:30,335 root INFO *******starting the program*******
10:57:30,337 vmbpyLog INFO Starting vmbpy: 1.0.5 (using VmbC: 1.0.6, VmbImageTransform: 2.1)
10:57:31,695 root INFO command queue pre start  = jmessage
10:57:31,696 root INFO command string = jmessage
10:57:31,696 root INFO process_js_command understood = jmessage
10:57:33,692 root INFO command queue pre start  = 
fps,99
10:57:33,692 root INFO command string = fps
10:57:33,692 root INFO process_js_command understood = framerate
10:57:45,259 root INFO command queue pre start  = 
startcamera
10:57:53,245 root INFO command queue get = 
exposure,6000
10:57:53,246 root INFO command string = exposure
11:09:31,14 root INFO *******starting the program*******
11:09:31,16 vmbpyLog INFO Starting vmbpy: 1.0.5 (using VmbC: 1.0.6, VmbImageTransform: 2.1)
11:09:32,365 root INFO command queue pre start  = jmessage
11:09:32,365 root INFO command string = jmessage
11:09:32,365 root INFO process_js_command understood = jmessage
11:09:56,870 root INFO command queue pre start  = 
fps,50
11:09:56,870 root INFO command string = fps
11:09:56,870 root INFO process_js_command understood = framerate
11:10:07,373 root INFO command queue pre start  = 
exposure,20000
11:10:07,373 root INFO command string = exposure
11:10:11,252 root INFO command queue pre start  = 
exposure,2000
11:10:11,252 root INFO command string = exposure
11:10:20,624 root INFO command queue pre start  = 
startcamera
11:13:04,8 root INFO command queue get = 
exposure,4000
11:13:04,9 root INFO command string = exposure
11:14:56,233 root INFO command queue get = 
exposure,8000
11:14:56,234 root INFO command string = exposure
11:15:19,665 root INFO command queue get = 
exposure,4000
11:15:19,665 root INFO command string = exposure
11:16:55,282 root INFO command queue get = 
exposure,2000
11:16:55,282 root INFO command string = exposure
11:20:15,387 root INFO command queue get = 
exposure,4000
11:20:15,388 root INFO command string = exposure
15:27:33,496 root INFO *******starting the program*******
15:27:33,504 vmbpyLog INFO Starting vmbpy: 1.0.5 (using VmbC: 1.0.6, VmbImageTransform: 2.1)
15:27:34,775 root INFO command queue pre start  = jmessage
15:27:34,775 root INFO command string = jmessage
15:27:34,775 root INFO process_js_command understood = jmessage
15:27:42,556 root INFO command queue pre start  = 
trigger,1
15:27:42,556 root INFO command string = trigger
15:27:42,556 root INFO process_js_command understood = cameratrigger
15:27:49,21 root INFO command queue pre start  = 
startcamera
15:28:11,261 root INFO command queue get = 
gain,30
15:28:11,261 root INFO command string = gain
15:43:07,860 vmbpyLog INFO Removed camera "57:C:\Program Files\Allied Vision\Vimba X\cti\VimbaUSBTL.cti21:VimbaUSBInterface_0x016:DEV_1AB22C031649" from active cameras
