14:31:15,502 root INFO *******starting the program*******
14:31:15,502 vmbpyLog INFO Starting vmbpy: 1.0.5 (using VmbC: 1.0.6, VmbImageTransform: 2.1)
14:34:08,926 root INFO *******starting the program*******
14:34:08,926 vmbpyLog INFO Starting vmbpy: 1.0.5 (using VmbC: 1.0.6, VmbImageTransform: 2.1)
14:34:23,227 root INFO command queue pre start  = startcamera
14:35:18,581 root INFO command queue get = 
startsave
14:35:18,581 root INFO command string = startsave
14:35:18,581 root INFO process_js_command understood = startsave
14:35:18,581 root INFO no folder name provided: autogenerated a folder for saving = D:/data/rap/temp1
14:35:18,581 root INFO startsave called, with D:/data/rap/temp1
14:35:32,60 root INFO command queue get = 
stopsave
14:35:32,60 root INFO command string = stopsave
14:35:32,60 root INFO stopsave called
14:35:39,65 root INFO command queue get = 
quit
14:35:39,65 root INFO command string = quit
14:35:39,65 root INFO process_js_command understood = quit
14:37:45,6 root INFO *******starting the program*******
14:37:45,6 vmbpyLog INFO Starting vmbpy: 1.0.5 (using VmbC: 1.0.6, VmbImageTransform: 2.1)
14:37:50,61 root INFO command queue pre start  = startcamera
14:37:56,739 root INFO command queue get = 
startsave
14:37:56,739 root INFO command string = startsave
14:37:56,739 root INFO process_js_command understood = startsave
14:37:56,739 root INFO no folder name provided: autogenerated a folder for saving = C:/data/rap/temp1
14:37:56,739 root INFO startsave called, with C:/data/rap/temp1
14:38:04,732 root INFO command queue get = 
stopsave
14:38:04,732 root INFO command string = stopsave
14:38:04,732 root INFO stopsave called
14:38:08,533 root INFO command queue get = 
quit
14:38:08,533 root INFO command string = quit
14:38:08,533 root INFO process_js_command understood = quit
14:42:16,806 root INFO *******starting the program*******
14:42:16,806 vmbpyLog INFO Starting vmbpy: 1.0.5 (using VmbC: 1.0.6, VmbImageTransform: 2.1)
14:42:21,684 root INFO command queue pre start  = startcamera
14:42:30,460 root INFO command queue get = 
startsave
14:42:30,460 root INFO command string = startsave
14:42:30,460 root INFO process_js_command understood = startsave
14:42:30,460 root INFO no folder name provided: autogenerated a folder for saving = C:/data/rap/temp2
14:42:30,460 root INFO startsave called, with C:/data/rap/temp2
14:42:44,240 root INFO command queue get = 
stopsave
14:42:44,240 root INFO command string = stopsave
14:42:44,240 root INFO stopsave called
14:43:11,726 root INFO command queue get = 
startsave
14:43:11,726 root INFO command string = startsave
14:43:11,726 root INFO process_js_command understood = startsave
14:43:11,726 root INFO no folder name provided: autogenerated a folder for saving = C:/data/rap/temp3
14:43:11,726 root INFO startsave called, with C:/data/rap/temp3
14:43:17,925 root INFO command queue get = 
stopsave
14:43:17,925 root INFO command string = stopsave
14:43:17,925 root INFO stopsave called
14:43:46,700 root INFO command queue get = 
quit
14:43:46,700 root INFO command string = quit
14:43:46,700 root INFO process_js_command understood = quit
15:18:46,11 root INFO *******starting the program*******
15:18:46,11 vmbpyLog INFO Starting vmbpy: 1.0.5 (using VmbC: 1.0.6, VmbImageTransform: 2.1)
15:19:05,544 root INFO command queue pre start  = trigger,1
15:19:05,544 root INFO command string = trigger
15:19:05,544 root INFO process_js_command understood = cameratrigger
15:19:13,14 root INFO command queue pre start  = 
startcamera
15:19:43,54 root INFO command queue get = 
quit
15:19:43,54 root INFO command string = quit
15:19:43,54 root INFO process_js_command understood = quit
15:22:50,327 root INFO *******starting the program*******
15:22:50,327 vmbpyLog INFO Starting vmbpy: 1.0.5 (using VmbC: 1.0.6, VmbImageTransform: 2.1)
15:23:08,93 root INFO command queue pre start  = startcamera
15:23:32,266 root INFO command queue get = 
quit
15:23:32,266 root INFO command string = quit
15:23:32,266 root INFO process_js_command understood = quit
15:23:36,300 root INFO *******starting the program*******
15:23:36,300 vmbpyLog INFO Starting vmbpy: 1.0.5 (using VmbC: 1.0.6, VmbImageTransform: 2.1)
15:23:46,303 root INFO command queue pre start  = trigger,1
15:23:46,303 root INFO command string = trigger
15:23:46,303 root INFO process_js_command understood = cameratrigger
15:23:52,804 root INFO command queue pre start  = 
startcamera
15:24:52,793 root INFO command queue get = 
quit
15:24:52,793 root INFO command string = quit
15:24:52,793 root INFO process_js_command understood = quit
15:27:53,597 root INFO *******starting the program*******
15:27:53,597 vmbpyLog INFO Starting vmbpy: 1.0.5 (using VmbC: 1.0.6, VmbImageTransform: 2.1)
15:28:04,427 root INFO command queue pre start  = startcamera
15:28:12,907 root INFO command queue get = 
quit
15:28:12,907 root INFO command string = quit
15:28:12,907 root INFO process_js_command understood = quit
15:28:16,78 root INFO *******starting the program*******
15:28:16,78 vmbpyLog INFO Starting vmbpy: 1.0.5 (using VmbC: 1.0.6, VmbImageTransform: 2.1)
15:28:21,790 root INFO command queue pre start  = trigger,1
15:28:21,790 root INFO command string = trigger
15:28:21,790 root INFO process_js_command understood = cameratrigger
15:28:27,589 root INFO command queue pre start  = 
startcamera
15:35:09,250 root INFO command queue get = 
quit
15:35:09,250 root INFO command string = quit
15:35:09,250 root INFO process_js_command understood = quit
15:36:39,57 root INFO *******starting the program*******
15:36:39,57 vmbpyLog INFO Starting vmbpy: 1.0.5 (using VmbC: 1.0.6, VmbImageTransform: 2.1)
15:36:43,779 root INFO command queue pre start  = trigger,1
15:36:43,779 root INFO command string = trigger
15:36:43,779 root INFO process_js_command understood = cameratrigger
15:36:47,642 root INFO command queue pre start  = 
startcamera
15:37:17,760 root INFO command queue get = 
quit
15:37:17,760 root INFO command string = quit
15:37:17,760 root INFO process_js_command understood = quit
15:39:06,134 root INFO *******starting the program*******
15:39:06,134 vmbpyLog INFO Starting vmbpy: 1.0.5 (using VmbC: 1.0.6, VmbImageTransform: 2.1)
15:39:12,10 root INFO command queue pre start  = trigger,1
15:39:12,10 root INFO command string = trigger
15:39:12,10 root INFO process_js_command understood = cameratrigger
15:39:23,418 root INFO command queue pre start  = 
startcamera
15:39:43,329 root INFO command queue get = 
qiit
15:39:43,344 root INFO command string = qiit
15:39:48,362 root INFO command queue get = 
quit
15:39:48,362 root INFO command string = quit
15:39:48,362 root INFO process_js_command understood = quit
15:41:16,727 root INFO *******starting the program*******
15:41:16,727 vmbpyLog INFO Starting vmbpy: 1.0.5 (using VmbC: 1.0.6, VmbImageTransform: 2.1)
15:41:22,863 root INFO command queue pre start  = trigger,1
15:41:22,863 root INFO command string = trigger
15:41:22,863 root INFO process_js_command understood = cameratrigger
15:41:26,896 root INFO command queue pre start  = 
startcamera
15:42:01,891 root INFO command queue get = 
quit
15:42:01,891 root INFO command string = quit
15:42:01,891 root INFO process_js_command understood = quit
15:42:21,260 root INFO *******starting the program*******
15:42:21,260 vmbpyLog INFO Starting vmbpy: 1.0.5 (using VmbC: 1.0.6, VmbImageTransform: 2.1)
15:42:29,343 root INFO command queue pre start  = trigger,1
15:42:29,343 root INFO command string = trigger
15:42:29,343 root INFO process_js_command understood = cameratrigger
15:42:34,453 root INFO command queue pre start  = 
startcamera
15:42:59,611 root INFO command queue get = 
quit
15:42:59,611 root INFO command string = quit
15:42:59,611 root INFO process_js_command understood = quit
15:50:29,443 root INFO *******starting the program*******
15:50:29,443 vmbpyLog INFO Starting vmbpy: 1.0.5 (using VmbC: 1.0.6, VmbImageTransform: 2.1)
15:50:33,661 root INFO command queue pre start  = trigger,1
15:50:33,661 root INFO command string = trigger
15:50:33,661 root INFO process_js_command understood = cameratrigger
15:50:37,459 root INFO command queue pre start  = 
startcamera
15:50:37,944 vmbpyLog ERROR Caught Exception in handler: Type: <class 'NameError'>, Value: name 'frnum' is not defined, raised by: <__main__.Handler object at 0x000001F2276EBF80>
15:50:38,444 vmbpyLog ERROR Caught Exception in handler: Type: <class 'NameError'>, Value: name 'frnum' is not defined, raised by: <__main__.Handler object at 0x000001F2276EBF80>
15:50:38,944 vmbpyLog ERROR Caught Exception in handler: Type: <class 'NameError'>, Value: name 'frnum' is not defined, raised by: <__main__.Handler object at 0x000001F2276EBF80>
15:50:39,444 vmbpyLog ERROR Caught Exception in handler: Type: <class 'NameError'>, Value: name 'frnum' is not defined, raised by: <__main__.Handler object at 0x000001F2276EBF80>
15:50:39,944 vmbpyLog ERROR Caught Exception in handler: Type: <class 'NameError'>, Value: name 'frnum' is not defined, raised by: <__main__.Handler object at 0x000001F2276EBF80>
15:50:40,444 vmbpyLog ERROR Caught Exception in handler: Type: <class 'NameError'>, Value: name 'frnum' is not defined, raised by: <__main__.Handler object at 0x000001F2276EBF80>
15:50:40,959 vmbpyLog ERROR Caught Exception in handler: Type: <class 'NameError'>, Value: name 'frnum' is not defined, raised by: <__main__.Handler object at 0x000001F2276EBF80>
15:50:41,475 vmbpyLog ERROR Caught Exception in handler: Type: <class 'NameError'>, Value: name 'frnum' is not defined, raised by: <__main__.Handler object at 0x000001F2276EBF80>
15:50:41,959 vmbpyLog ERROR Caught Exception in handler: Type: <class 'NameError'>, Value: name 'frnum' is not defined, raised by: <__main__.Handler object at 0x000001F2276EBF80>
15:50:42,459 vmbpyLog ERROR Caught Exception in handler: Type: <class 'NameError'>, Value: name 'frnum' is not defined, raised by: <__main__.Handler object at 0x000001F2276EBF80>
15:51:35,328 root INFO *******starting the program*******
15:51:35,328 vmbpyLog INFO Starting vmbpy: 1.0.5 (using VmbC: 1.0.6, VmbImageTransform: 2.1)
15:51:41,882 root INFO command queue pre start  = trigger,1
15:51:41,882 root INFO command string = trigger
15:51:41,882 root INFO process_js_command understood = cameratrigger
15:51:45,634 root INFO command queue pre start  = 
startcamera
15:52:05,798 root INFO command queue get = 
quit
15:52:05,798 root INFO command string = quit
15:52:05,798 root INFO process_js_command understood = quit
15:53:15,885 root INFO *******starting the program*******
15:53:15,885 vmbpyLog INFO Starting vmbpy: 1.0.5 (using VmbC: 1.0.6, VmbImageTransform: 2.1)
15:53:22,29 root INFO command queue pre start  = trigger,1
15:53:22,29 root INFO command string = trigger
15:53:22,29 root INFO process_js_command understood = cameratrigger
15:53:27,114 root INFO command queue pre start  = 
startcamera
15:56:47,915 root INFO command queue get = 
s
15:56:47,921 root INFO command string = s
15:56:52,941 root INFO command queue get = 
startrsave
15:56:52,941 root INFO command string = startrsave
15:57:02,982 root INFO command queue get = 
startsave
15:57:02,982 root INFO command string = startsave
15:57:02,984 root INFO process_js_command understood = startsave
15:57:02,984 root INFO no folder name provided: autogenerated a folder for saving = C:/data/rap/temp6
15:57:02,984 root INFO startsave called, with C:/data/rap/temp6
15:58:08,246 root INFO command queue get = 
stopsave
15:58:08,246 root INFO command string = stopsave
15:58:08,246 root INFO stopsave called
16:01:39,74 root INFO command queue get = 
quit
16:01:39,74 root INFO command string = quit
16:01:39,74 root INFO process_js_command understood = quit
16:01:45,219 root INFO *******starting the program*******
16:01:45,219 vmbpyLog INFO Starting vmbpy: 1.0.5 (using VmbC: 1.0.6, VmbImageTransform: 2.1)
16:01:53,68 root INFO command queue pre start  = trigger,1?

16:01:53,68 root INFO command string = trigger
16:01:53,68 root INFO process_js_command understood = cameratrigger
16:01:58,915 root INFO command queue pre start  = 
trigger,1
16:01:58,915 root INFO command string = trigger
16:01:58,915 root INFO process_js_command understood = cameratrigger
16:02:04,184 root INFO command queue pre start  = 
startcamera
16:02:44,340 root INFO command queue get = 
quit
16:02:44,340 root INFO command string = quit
16:02:44,340 root INFO process_js_command understood = quit
16:02:53,191 root INFO *******starting the program*******
16:02:53,191 vmbpyLog INFO Starting vmbpy: 1.0.5 (using VmbC: 1.0.6, VmbImageTransform: 2.1)
16:02:58,51 root INFO command queue pre start  = trigger,1
16:02:58,51 root INFO command string = trigger
16:02:58,51 root INFO process_js_command understood = cameratrigger
16:03:02,551 root INFO command queue pre start  = 
startcamera
16:03:59,132 root INFO command queue get = 
quit
16:03:59,132 root INFO command string = quit
16:03:59,132 root INFO process_js_command understood = quit
15:12:00,737 root INFO *******starting the program*******
15:12:00,737 vmbpyLog INFO Starting vmbpy: 1.0.5 (using VmbC: 1.0.6, VmbImageTransform: 2.1)
15:12:01,551 vmbpyLog ERROR Accessed Camera 'DEV_1AB22C031649' is already in use. Could not be opened with access mode 'AccessMode.Full'. Valid modes are: (<AccessMode.None_: 0>,)
15:12:29,184 root INFO *******starting the program*******
15:12:29,184 vmbpyLog INFO Starting vmbpy: 1.0.5 (using VmbC: 1.0.6, VmbImageTransform: 2.1)
15:12:55,422 root INFO command queue pre start  = startsave
15:12:55,422 root INFO command string = startsave
15:12:55,422 root INFO process_js_command understood = startsave
15:12:55,766 root INFO no folder name provided: autogenerated a folder for saving = D:/data/rap/temp2
15:12:55,766 root INFO startsave called, with D:/data/rap/temp2
15:13:23,628 root INFO command queue pre start  = 
stopsave
15:13:23,628 root INFO command string = stopsave
15:13:23,628 root INFO stopsave called
15:15:07,991 root INFO command queue pre start  = 
startsave
15:15:07,991 root INFO command string = startsave
15:15:07,991 root INFO process_js_command understood = startsave
15:15:07,991 root INFO no folder name provided: autogenerated a folder for saving = D:/data/rap/temp3
15:15:07,991 root INFO startsave called, with D:/data/rap/temp3
15:21:12,717 root INFO *******starting the program*******
15:21:12,717 vmbpyLog INFO Starting vmbpy: 1.0.5 (using VmbC: 1.0.6, VmbImageTransform: 2.1)
12:20:11,581 root INFO *******starting the program*******
12:20:11,581 vmbpyLog INFO Starting vmbpy: 1.0.5 (using VmbC: 1.0.6, VmbImageTransform: 2.1)
12:20:20,152 root INFO command queue pre start  = startcamera
12:20:41,840 root INFO command queue get = 
stopcamera
12:20:41,840 root INFO command string = stopcamera
12:20:50,625 root INFO command queue get = 
stopcamera
12:20:50,625 root INFO command string = stopcamera
12:20:58,372 root INFO command queue get = 
stopcamera
12:20:58,372 root INFO command string = stopcamera
12:21:05,632 root INFO command queue get = 
stopcamera
12:21:05,632 root INFO command string = stopcamera
12:21:54,293 root INFO command queue get = 
quit
12:21:54,293 root INFO command string = quit
12:21:54,293 root INFO process_js_command understood = quit
12:27:26,971 root INFO *******starting the program*******
12:27:26,978 vmbpyLog INFO Starting vmbpy: 1.0.5 (using VmbC: 1.0.6, VmbImageTransform: 2.1)
12:27:35,735 root INFO command queue pre start  = startcamera
12:27:42,454 root INFO command queue get = 
startsave
12:27:42,454 root INFO command string = startsave
12:27:42,454 root INFO process_js_command understood = startsave
15:29:53,959 root INFO *******starting the program*******
15:29:53,975 vmbpyLog INFO Starting vmbpy: 1.0.5 (using VmbC: 1.0.6, VmbImageTransform: 2.1)
16:08:40,295 root INFO *******starting the program*******
16:08:40,295 vmbpyLog INFO Starting vmbpy: 1.0.5 (using VmbC: 1.0.6, VmbImageTransform: 2.1)
16:50:08,265 root INFO *******starting the program*******
16:50:08,265 vmbpyLog INFO Starting vmbpy: 1.0.5 (using VmbC: 1.0.6, VmbImageTransform: 2.1)
16:50:19,852 root INFO command queue pre start  = startcamera
16:50:31,426 root INFO command queue get = 
exposure,5000
16:50:31,426 root INFO command string = exposure
16:50:47,398 root INFO command queue get = 
exposure,10000
16:50:47,399 root INFO command string = exposure
16:51:21,795 root INFO command queue get = 
exposure,10000quit
16:51:21,795 root INFO command string = exposure
17:08:18,276 root INFO *******starting the program*******
17:08:18,276 vmbpyLog INFO Starting vmbpy: 1.0.5 (using VmbC: 1.0.6, VmbImageTransform: 2.1)
17:08:29,928 root INFO command queue pre start  = startcamera
17:08:45,59 root INFO command queue get = 
fps,50
17:08:45,59 root INFO command string = fps
17:08:45,59 root INFO process_js_command understood = framerate
17:10:24,154 root INFO *******starting the program*******
17:10:24,154 vmbpyLog INFO Starting vmbpy: 1.0.5 (using VmbC: 1.0.6, VmbImageTransform: 2.1)
17:10:37,64 root INFO command queue pre start  = fps,50
17:10:37,64 root INFO command string = fps
17:10:37,64 root INFO process_js_command understood = framerate
17:10:37,64 vmbpyLog ERROR Feature 'AcquisitionFrameRateAbs' not found.
17:14:09,732 root INFO *******starting the program*******
17:14:09,732 vmbpyLog INFO Starting vmbpy: 1.0.5 (using VmbC: 1.0.6, VmbImageTransform: 2.1)
17:14:16,583 root INFO command queue pre start  = fps,50
17:14:16,583 root INFO command string = fps
17:14:16,583 root INFO process_js_command understood = framerate
17:14:32,286 root INFO *******starting the program*******
17:14:32,286 vmbpyLog INFO Starting vmbpy: 1.0.5 (using VmbC: 1.0.6, VmbImageTransform: 2.1)
17:14:37,987 root INFO command queue pre start  = fps,50
17:14:37,987 root INFO command string = fps
17:14:37,987 root INFO process_js_command understood = framerate
17:14:38,82 vmbpyLog ERROR Invalid access while calling 'set()' of Feature 'TriggerMode'. Read access: allowed. Write access: not allowed. 
17:17:41,933 root INFO *******starting the program*******
17:17:41,933 vmbpyLog INFO Starting vmbpy: 1.0.5 (using VmbC: 1.0.6, VmbImageTransform: 2.1)
17:17:48,223 root INFO command queue pre start  = fps,50
17:17:48,223 root INFO command string = fps
17:17:48,223 root INFO process_js_command understood = framerate
17:17:53,252 root INFO command queue pre start  = 
startcamera
17:18:01,150 root INFO command queue get = 
exposure,1000
17:18:01,150 root INFO command string = exposure
17:18:13,289 root INFO command queue get = 
exposure,2000
17:18:13,302 root INFO command string = exposure
17:18:57,949 root INFO command queue get = 
startsave
17:18:57,949 root INFO command string = startsave
17:18:57,949 root INFO process_js_command understood = startsave
17:18:57,949 root INFO no folder name provided: autogenerated a folder for saving = D:/data/rap/temp45
17:18:57,949 root INFO startsave called, with D:/data/rap/temp45
17:19:10,985 root INFO command queue get = 
stopsave
17:19:10,985 root INFO command string = stopsave
17:19:10,985 root INFO stopsave called
17:22:25,99 root INFO command queue get = 
quit
17:22:25,99 root INFO command string = quit
17:22:25,99 root INFO process_js_command understood = quit
